Build started 2/6/2013 7:53:55 PM.
     1>Project "F:\VS Source\src\game\server\server_scratch-2005.vcxproj" on node 2 (build target(s)).
     1>InitializeBuildStatus:
         Creating ".\Debug_sdk\Server SDK.unsuccessfulbuild" because "AlwaysCreate" was specified.
       ClCompile:
         All outputs are up-to-date.
         All outputs are up-to-date.
         All outputs are up-to-date.
       Link:
         All outputs are up-to-date.
         server_scratch-2005.vcxproj -> F:\VS Source\src\game\server\.\Debug_sdk\server.dll
       CustomBuildStep:
         Description: Copying to c:\program files (x86)\steam\steamapps\SourceMods\vampireslayersource\bin\
         if exist "c:\program files (x86)\steam\steamapps\SourceMods\vampireslayersource\bin\server.dll" attrib -r "c:\program files (x86)\steam\steamapps\SourceMods\vampireslayersource\bin\server.dll"
         if exist "F:\VS Source\src\game\server\Debug_sdk\"server.dll copy "F:\VS Source\src\game\server\Debug_sdk\"server.dll "c:\program files (x86)\steam\steamapps\SourceMods\vampireslayersource\bin\server.dll"
         
         :VCEnd
                 1 file(s) copied.
       FinalizeBuildStatus:
         Deleting file ".\Debug_sdk\Server SDK.unsuccessfulbuild".
         Touching ".\Debug_sdk\Server SDK.lastbuildstate".
     1>Done Building Project "F:\VS Source\src\game\server\server_scratch-2005.vcxproj" (build target(s)).

Build succeeded.

Time Elapsed 00:00:00.70
