.\Debug_sdk\server.ilk
.\Debug_sdk\server.pdb
c:\program files (x86)\steam\steamapps\SourceMods\vampireslayersource\bin\server.dll
F:\VS Source\src\game\server\.\Debug_sdk\server.dll
F:\VS SOURCE\SRC\GAME\SERVER\DEBUG_SDK\ACHIEVEMENT_SAVERESTORE.OBJ
F:\VS SOURCE\SRC\GAME\SERVER\DEBUG_SDK\ACHIEVEMENTMGR.OBJ
F:\VS SOURCE\SRC\GAME\SERVER\DEBUG_SDK\ACHIEVEMENTS_HLX.OBJ
F:\VS SOURCE\SRC\GAME\SERVER\DEBUG_SDK\ACTIVITYLIST.OBJ
F:\VS SOURCE\SRC\GAME\SERVER\DEBUG_SDK\AI_ACTIVITY.OBJ
F:\VS SOURCE\SRC\GAME\SERVER\DEBUG_SDK\AI_BASEACTOR.OBJ
F:\VS SOURCE\SRC\GAME\SERVER\DEBUG_SDK\AI_BASEHUMANOID.OBJ
F:\VS SOURCE\SRC\GAME\SERVER\DEBUG_SDK\AI_BASENPC.OBJ
F:\VS SOURCE\SRC\GAME\SERVER\DEBUG_SDK\AI_BASENPC_FLYER.OBJ
F:\VS SOURCE\SRC\GAME\SERVER\DEBUG_SDK\AI_BASENPC_FLYER_NEW.OBJ
F:\VS SOURCE\SRC\GAME\SERVER\DEBUG_SDK\AI_BASENPC_MOVEMENT.OBJ
F:\VS SOURCE\SRC\GAME\SERVER\DEBUG_SDK\AI_BASENPC_PHYSICSFLYER.OBJ
F:\VS SOURCE\SRC\GAME\SERVER\DEBUG_SDK\AI_BASENPC_SCHEDULE.OBJ
F:\VS SOURCE\SRC\GAME\SERVER\DEBUG_SDK\AI_BASENPC_SQUAD.OBJ
F:\VS SOURCE\SRC\GAME\SERVER\DEBUG_SDK\AI_BEHAVIOR.OBJ
F:\VS SOURCE\SRC\GAME\SERVER\DEBUG_SDK\AI_BEHAVIOR_ASSAULT.OBJ
F:\VS SOURCE\SRC\GAME\SERVER\DEBUG_SDK\AI_BEHAVIOR_FEAR.OBJ
F:\VS SOURCE\SRC\GAME\SERVER\DEBUG_SDK\AI_BEHAVIOR_FOLLOW.OBJ
F:\VS SOURCE\SRC\GAME\SERVER\DEBUG_SDK\AI_BEHAVIOR_LEAD.OBJ
F:\VS SOURCE\SRC\GAME\SERVER\DEBUG_SDK\AI_BEHAVIOR_RAPPEL.OBJ
F:\VS SOURCE\SRC\GAME\SERVER\DEBUG_SDK\AI_BEHAVIOR_STANDOFF.OBJ
F:\VS SOURCE\SRC\GAME\SERVER\DEBUG_SDK\AI_BLENDED_MOVEMENT.OBJ
F:\VS SOURCE\SRC\GAME\SERVER\DEBUG_SDK\AI_CONCOMMANDS.OBJ
F:\VS SOURCE\SRC\GAME\SERVER\DEBUG_SDK\AI_CONDITION.OBJ
F:\VS SOURCE\SRC\GAME\SERVER\DEBUG_SDK\AI_CRITERIA.OBJ
F:\VS SOURCE\SRC\GAME\SERVER\DEBUG_SDK\AI_DEFAULT.OBJ
F:\VS SOURCE\SRC\GAME\SERVER\DEBUG_SDK\AI_DYNAMICLINK.OBJ
F:\VS SOURCE\SRC\GAME\SERVER\DEBUG_SDK\AI_EVENT.OBJ
F:\VS SOURCE\SRC\GAME\SERVER\DEBUG_SDK\AI_EVENTRESPONSE.OBJ
F:\VS SOURCE\SRC\GAME\SERVER\DEBUG_SDK\AI_GOALENTITY.OBJ
F:\VS SOURCE\SRC\GAME\SERVER\DEBUG_SDK\AI_HINT.OBJ
F:\VS SOURCE\SRC\GAME\SERVER\DEBUG_SDK\AI_HULL.OBJ
F:\VS SOURCE\SRC\GAME\SERVER\DEBUG_SDK\AI_INITUTILS.OBJ
F:\VS SOURCE\SRC\GAME\SERVER\DEBUG_SDK\AI_INTEREST_TARGET.OBJ
F:\VS SOURCE\SRC\GAME\SERVER\DEBUG_SDK\AI_LINK.OBJ
F:\VS SOURCE\SRC\GAME\SERVER\DEBUG_SDK\AI_LOCALNAVIGATOR.OBJ
F:\VS SOURCE\SRC\GAME\SERVER\DEBUG_SDK\AI_LOOKTARGET.OBJ
F:\VS SOURCE\SRC\GAME\SERVER\DEBUG_SDK\AI_MEMORY.OBJ
F:\VS SOURCE\SRC\GAME\SERVER\DEBUG_SDK\AI_MOTOR.OBJ
F:\VS SOURCE\SRC\GAME\SERVER\DEBUG_SDK\AI_MOVEPROBE.OBJ
F:\VS SOURCE\SRC\GAME\SERVER\DEBUG_SDK\AI_MOVESHOOT.OBJ
F:\VS SOURCE\SRC\GAME\SERVER\DEBUG_SDK\AI_MOVESOLVER.OBJ
F:\VS SOURCE\SRC\GAME\SERVER\DEBUG_SDK\AI_NAMESPACES.OBJ
F:\VS SOURCE\SRC\GAME\SERVER\DEBUG_SDK\AI_NAVIGATOR.OBJ
F:\VS SOURCE\SRC\GAME\SERVER\DEBUG_SDK\AI_NETWORK.OBJ
F:\VS SOURCE\SRC\GAME\SERVER\DEBUG_SDK\AI_NETWORKMANAGER.OBJ
F:\VS SOURCE\SRC\GAME\SERVER\DEBUG_SDK\AI_NODE.OBJ
F:\VS SOURCE\SRC\GAME\SERVER\DEBUG_SDK\AI_PATHFINDER.OBJ
F:\VS SOURCE\SRC\GAME\SERVER\DEBUG_SDK\AI_PLANESOLVER.OBJ
F:\VS SOURCE\SRC\GAME\SERVER\DEBUG_SDK\AI_PLAYERALLY.OBJ
F:\VS SOURCE\SRC\GAME\SERVER\DEBUG_SDK\AI_RELATIONSHIP.OBJ
F:\VS SOURCE\SRC\GAME\SERVER\DEBUG_SDK\AI_RESPONSESYSTEM.OBJ
F:\VS SOURCE\SRC\GAME\SERVER\DEBUG_SDK\AI_ROUTE.OBJ
F:\VS SOURCE\SRC\GAME\SERVER\DEBUG_SDK\AI_SAVERESTORE.OBJ
F:\VS SOURCE\SRC\GAME\SERVER\DEBUG_SDK\AI_SCHEDULE.OBJ
F:\VS SOURCE\SRC\GAME\SERVER\DEBUG_SDK\AI_SCRIPTCONDITIONS.OBJ
F:\VS SOURCE\SRC\GAME\SERVER\DEBUG_SDK\AI_SENSES.OBJ
F:\VS SOURCE\SRC\GAME\SERVER\DEBUG_SDK\AI_SENTENCE.OBJ
F:\VS SOURCE\SRC\GAME\SERVER\DEBUG_SDK\AI_SPEECH.OBJ
F:\VS SOURCE\SRC\GAME\SERVER\DEBUG_SDK\AI_SPEECHFILTER.OBJ
F:\VS SOURCE\SRC\GAME\SERVER\DEBUG_SDK\AI_SQUAD.OBJ
F:\VS SOURCE\SRC\GAME\SERVER\DEBUG_SDK\AI_SQUADSLOT.OBJ
F:\VS SOURCE\SRC\GAME\SERVER\DEBUG_SDK\AI_TACTICALSERVICES.OBJ
F:\VS SOURCE\SRC\GAME\SERVER\DEBUG_SDK\AI_TASK.OBJ
F:\VS SOURCE\SRC\GAME\SERVER\DEBUG_SDK\AI_TRACKPATHER.OBJ
F:\VS SOURCE\SRC\GAME\SERVER\DEBUG_SDK\AI_UTILS.OBJ
F:\VS SOURCE\SRC\GAME\SERVER\DEBUG_SDK\AI_WAYPOINT.OBJ
F:\VS SOURCE\SRC\GAME\SERVER\DEBUG_SDK\AMMODEF.OBJ
F:\VS SOURCE\SRC\GAME\SERVER\DEBUG_SDK\ANIMATION.OBJ
F:\VS SOURCE\SRC\GAME\SERVER\DEBUG_SDK\BASE_PLAYERANIMSTATE.OBJ
F:\VS SOURCE\SRC\GAME\SERVER\DEBUG_SDK\BASE_TRANSMIT_PROXY.OBJ
F:\VS SOURCE\SRC\GAME\SERVER\DEBUG_SDK\BASEACHIEVEMENT.OBJ
F:\VS SOURCE\SRC\GAME\SERVER\DEBUG_SDK\BASEANIMATING.OBJ
F:\VS SOURCE\SRC\GAME\SERVER\DEBUG_SDK\BASEANIMATINGOVERLAY.OBJ
F:\VS SOURCE\SRC\GAME\SERVER\DEBUG_SDK\BASECOMBATCHARACTER.OBJ
F:\VS SOURCE\SRC\GAME\SERVER\DEBUG_SDK\BASECOMBATCHARACTER_SHARED.OBJ
F:\VS SOURCE\SRC\GAME\SERVER\DEBUG_SDK\BASECOMBATWEAPON.OBJ
F:\VS SOURCE\SRC\GAME\SERVER\DEBUG_SDK\BASECOMBATWEAPON_SHARED.OBJ
F:\VS SOURCE\SRC\GAME\SERVER\DEBUG_SDK\BASEENTITY.OBJ
F:\VS SOURCE\SRC\GAME\SERVER\DEBUG_SDK\BASEENTITY_SHARED.OBJ
F:\VS SOURCE\SRC\GAME\SERVER\DEBUG_SDK\BASEFLEX.OBJ
F:\VS SOURCE\SRC\GAME\SERVER\DEBUG_SDK\BASEGRENADE_CONCUSSION.OBJ
F:\VS SOURCE\SRC\GAME\SERVER\DEBUG_SDK\BASEGRENADE_CONTACT.OBJ
F:\VS SOURCE\SRC\GAME\SERVER\DEBUG_SDK\BASEGRENADE_SHARED.OBJ
F:\VS SOURCE\SRC\GAME\SERVER\DEBUG_SDK\BASEGRENADE_TIMED.OBJ
F:\VS SOURCE\SRC\GAME\SERVER\DEBUG_SDK\BASEMULTIPLAYERPLAYER.OBJ
F:\VS SOURCE\SRC\GAME\SERVER\DEBUG_SDK\BASEPARTICLEENTITY.OBJ
F:\VS SOURCE\SRC\GAME\SERVER\DEBUG_SDK\BASEPLAYER_SHARED.OBJ
F:\VS SOURCE\SRC\GAME\SERVER\DEBUG_SDK\BASETEMPENTITY.OBJ
F:\VS SOURCE\SRC\GAME\SERVER\DEBUG_SDK\BASEVIEWMODEL.OBJ
F:\VS SOURCE\SRC\GAME\SERVER\DEBUG_SDK\BASEVIEWMODEL_SHARED.OBJ
F:\VS SOURCE\SRC\GAME\SERVER\DEBUG_SDK\BEAM_SHARED.OBJ
F:\VS SOURCE\SRC\GAME\SERVER\DEBUG_SDK\BITSTRING.OBJ
F:\VS SOURCE\SRC\GAME\SERVER\DEBUG_SDK\BMODELS.OBJ
F:\VS SOURCE\SRC\GAME\SERVER\DEBUG_SDK\BONE_SETUP.OBJ
F:\VS SOURCE\SRC\GAME\SERVER\DEBUG_SDK\BUTTONS.OBJ
F:\VS SOURCE\SRC\GAME\SERVER\DEBUG_SDK\CBASE.OBJ
F:\VS Source\src\game\server\Debug_sdk\cl.command.1.tlog
F:\VS Source\src\game\server\Debug_sdk\CL.read.1.tlog
F:\VS Source\src\game\server\Debug_sdk\CL.write.1.tlog
F:\VS SOURCE\SRC\GAME\SERVER\DEBUG_SDK\CLIENT.OBJ
F:\VS SOURCE\SRC\GAME\SERVER\DEBUG_SDK\COLLISIONPROPERTY.OBJ
F:\VS SOURCE\SRC\GAME\SERVER\DEBUG_SDK\COLLISIONUTILS.OBJ
F:\VS SOURCE\SRC\GAME\SERVER\DEBUG_SDK\COLORCORRECTION.OBJ
F:\VS SOURCE\SRC\GAME\SERVER\DEBUG_SDK\COLORCORRECTIONVOLUME.OBJ
F:\VS SOURCE\SRC\GAME\SERVER\DEBUG_SDK\COMMENTARYSYSTEM.OBJ
F:\VS SOURCE\SRC\GAME\SERVER\DEBUG_SDK\CONTROLENTITIES.OBJ
F:\VS SOURCE\SRC\GAME\SERVER\DEBUG_SDK\CPLANE.OBJ
F:\VS SOURCE\SRC\GAME\SERVER\DEBUG_SDK\CRAGDOLLMAGNET.OBJ
F:\VS SOURCE\SRC\GAME\SERVER\DEBUG_SDK\DAMAGEMODIFIER.OBJ
F:\VS SOURCE\SRC\GAME\SERVER\DEBUG_SDK\DEATH_POSE.OBJ
F:\VS SOURCE\SRC\GAME\SERVER\DEBUG_SDK\DEBUGOVERLAY_SHARED.OBJ
F:\VS SOURCE\SRC\GAME\SERVER\DEBUG_SDK\DECALS.OBJ
F:\VS SOURCE\SRC\GAME\SERVER\DEBUG_SDK\DOORS.OBJ
F:\VS SOURCE\SRC\GAME\SERVER\DEBUG_SDK\DT_SEND.OBJ
F:\VS SOURCE\SRC\GAME\SERVER\DEBUG_SDK\DT_UTLVECTOR_COMMON.OBJ
F:\VS SOURCE\SRC\GAME\SERVER\DEBUG_SDK\DT_UTLVECTOR_SEND.OBJ
F:\VS SOURCE\SRC\GAME\SERVER\DEBUG_SDK\DYNAMICLIGHT.OBJ
F:\VS SOURCE\SRC\GAME\SERVER\DEBUG_SDK\EDITOR_SENDCOMMAND.OBJ
F:\VS SOURCE\SRC\GAME\SERVER\DEBUG_SDK\EFFECT_DISPATCH_DATA.OBJ
F:\VS SOURCE\SRC\GAME\SERVER\DEBUG_SDK\EFFECTS.OBJ
F:\VS SOURCE\SRC\GAME\SERVER\DEBUG_SDK\EFFECTSSERVER.OBJ
F:\VS SOURCE\SRC\GAME\SERVER\DEBUG_SDK\EHANDLE.OBJ
F:\VS SOURCE\SRC\GAME\SERVER\DEBUG_SDK\ENTITY_TOOLS_SERVER.OBJ
F:\VS SOURCE\SRC\GAME\SERVER\DEBUG_SDK\ENTITYBLOCKER.OBJ
F:\VS SOURCE\SRC\GAME\SERVER\DEBUG_SDK\ENTITYDISSOLVE.OBJ
F:\VS SOURCE\SRC\GAME\SERVER\DEBUG_SDK\ENTITYFLAME.OBJ
F:\VS SOURCE\SRC\GAME\SERVER\DEBUG_SDK\ENTITYLIST.OBJ
F:\VS SOURCE\SRC\GAME\SERVER\DEBUG_SDK\ENTITYLIST_BASE.OBJ
F:\VS SOURCE\SRC\GAME\SERVER\DEBUG_SDK\ENTITYPARTICLETRAIL.OBJ
F:\VS SOURCE\SRC\GAME\SERVER\DEBUG_SDK\ENTITYPARTICLETRAIL_SHARED.OBJ
F:\VS SOURCE\SRC\GAME\SERVER\DEBUG_SDK\ENV_DEBUGHISTORY.OBJ
F:\VS SOURCE\SRC\GAME\SERVER\DEBUG_SDK\ENV_DETAIL_CONTROLLER.OBJ
F:\VS SOURCE\SRC\GAME\SERVER\DEBUG_SDK\ENV_EFFECTSSCRIPT.OBJ
F:\VS SOURCE\SRC\GAME\SERVER\DEBUG_SDK\ENV_ENTITY_MAKER.OBJ
F:\VS SOURCE\SRC\GAME\SERVER\DEBUG_SDK\ENV_PARTICLESCRIPT.OBJ
F:\VS SOURCE\SRC\GAME\SERVER\DEBUG_SDK\ENV_PLAYER_SURFACE_TRIGGER.OBJ
F:\VS SOURCE\SRC\GAME\SERVER\DEBUG_SDK\ENV_PROJECTEDTEXTURE.OBJ
F:\VS SOURCE\SRC\GAME\SERVER\DEBUG_SDK\ENV_SCREENOVERLAY.OBJ
F:\VS SOURCE\SRC\GAME\SERVER\DEBUG_SDK\ENV_TEXTURETOGGLE.OBJ
F:\VS SOURCE\SRC\GAME\SERVER\DEBUG_SDK\ENV_TONEMAP_CONTROLLER.OBJ
F:\VS SOURCE\SRC\GAME\SERVER\DEBUG_SDK\ENV_WIND_SHARED.OBJ
F:\VS SOURCE\SRC\GAME\SERVER\DEBUG_SDK\ENV_ZOOM.OBJ
F:\VS SOURCE\SRC\GAME\SERVER\DEBUG_SDK\ENVBEAM.OBJ
F:\VS SOURCE\SRC\GAME\SERVER\DEBUG_SDK\ENVFADE.OBJ
F:\VS SOURCE\SRC\GAME\SERVER\DEBUG_SDK\ENVHUDHINT.OBJ
F:\VS SOURCE\SRC\GAME\SERVER\DEBUG_SDK\ENVLASER.OBJ
F:\VS SOURCE\SRC\GAME\SERVER\DEBUG_SDK\ENVMESSAGE.OBJ
F:\VS SOURCE\SRC\GAME\SERVER\DEBUG_SDK\ENVMICROPHONE.OBJ
F:\VS SOURCE\SRC\GAME\SERVER\DEBUG_SDK\ENVSHAKE.OBJ
F:\VS SOURCE\SRC\GAME\SERVER\DEBUG_SDK\ENVSPARK.OBJ
F:\VS SOURCE\SRC\GAME\SERVER\DEBUG_SDK\EVENT_TEMPENTITY_TESTER.OBJ
F:\VS SOURCE\SRC\GAME\SERVER\DEBUG_SDK\EVENTLIST.OBJ
F:\VS SOURCE\SRC\GAME\SERVER\DEBUG_SDK\EVENTLOG.OBJ
F:\VS SOURCE\SRC\GAME\SERVER\DEBUG_SDK\EXPLODE.OBJ
F:\VS SOURCE\SRC\GAME\SERVER\DEBUG_SDK\FILESYSTEM_HELPERS.OBJ
F:\VS SOURCE\SRC\GAME\SERVER\DEBUG_SDK\FILTERS.OBJ
F:\VS SOURCE\SRC\GAME\SERVER\DEBUG_SDK\FIRE.OBJ
F:\VS SOURCE\SRC\GAME\SERVER\DEBUG_SDK\FIRE_SMOKE.OBJ
F:\VS SOURCE\SRC\GAME\SERVER\DEBUG_SDK\FISH.OBJ
F:\VS SOURCE\SRC\GAME\SERVER\DEBUG_SDK\FOGCONTROLLER.OBJ
F:\VS SOURCE\SRC\GAME\SERVER\DEBUG_SDK\FOURWHEELVEHICLEPHYSICS.OBJ
F:\VS SOURCE\SRC\GAME\SERVER\DEBUG_SDK\FUNC_AREAPORTAL.OBJ
F:\VS SOURCE\SRC\GAME\SERVER\DEBUG_SDK\FUNC_AREAPORTALBASE.OBJ
F:\VS SOURCE\SRC\GAME\SERVER\DEBUG_SDK\FUNC_AREAPORTALWINDOW.OBJ
F:\VS SOURCE\SRC\GAME\SERVER\DEBUG_SDK\FUNC_BREAK.OBJ
F:\VS SOURCE\SRC\GAME\SERVER\DEBUG_SDK\FUNC_BREAKABLESURF.OBJ
F:\VS SOURCE\SRC\GAME\SERVER\DEBUG_SDK\FUNC_DUST.OBJ
F:\VS SOURCE\SRC\GAME\SERVER\DEBUG_SDK\FUNC_LADDER.OBJ
F:\VS SOURCE\SRC\GAME\SERVER\DEBUG_SDK\FUNC_LADDER_ENDPOINT.OBJ
F:\VS SOURCE\SRC\GAME\SERVER\DEBUG_SDK\FUNC_LOD.OBJ
F:\VS SOURCE\SRC\GAME\SERVER\DEBUG_SDK\FUNC_MOVELINEAR.OBJ
F:\VS SOURCE\SRC\GAME\SERVER\DEBUG_SDK\FUNC_OCCLUDER.OBJ
F:\VS SOURCE\SRC\GAME\SERVER\DEBUG_SDK\FUNC_REFLECTIVE_GLASS.OBJ
F:\VS SOURCE\SRC\GAME\SERVER\DEBUG_SDK\FUNC_SMOKEVOLUME.OBJ
F:\VS SOURCE\SRC\GAME\SERVER\DEBUG_SDK\GAME.OBJ
F:\VS SOURCE\SRC\GAME\SERVER\DEBUG_SDK\GAME_UI.OBJ
F:\VS SOURCE\SRC\GAME\SERVER\DEBUG_SDK\GAMEHANDLE.OBJ
F:\VS SOURCE\SRC\GAME\SERVER\DEBUG_SDK\GAMEINTERFACE.OBJ
F:\VS SOURCE\SRC\GAME\SERVER\DEBUG_SDK\GAMEMOVEMENT.OBJ
F:\VS SOURCE\SRC\GAME\SERVER\DEBUG_SDK\GAMERULES.OBJ
F:\VS SOURCE\SRC\GAME\SERVER\DEBUG_SDK\GAMERULES_REGISTER.OBJ
F:\VS SOURCE\SRC\GAME\SERVER\DEBUG_SDK\GAMESTATS.OBJ
F:\VS SOURCE\SRC\GAME\SERVER\DEBUG_SDK\GAMESTATS_BASICSTATSFUNCTIONS.OBJ
F:\VS SOURCE\SRC\GAME\SERVER\DEBUG_SDK\GAMESTRINGPOOL.OBJ
F:\VS SOURCE\SRC\GAME\SERVER\DEBUG_SDK\GAMETRACE_DLL.OBJ
F:\VS SOURCE\SRC\GAME\SERVER\DEBUG_SDK\GAMEVARS_SHARED.OBJ
F:\VS SOURCE\SRC\GAME\SERVER\DEBUG_SDK\GAMEWEAPONMANAGER.OBJ
F:\VS SOURCE\SRC\GAME\SERVER\DEBUG_SDK\GENERICACTOR.OBJ
F:\VS SOURCE\SRC\GAME\SERVER\DEBUG_SDK\GENERICMONSTER.OBJ
F:\VS SOURCE\SRC\GAME\SERVER\DEBUG_SDK\GIB.OBJ
F:\VS SOURCE\SRC\GAME\SERVER\DEBUG_SDK\GLOBALS.OBJ
F:\VS SOURCE\SRC\GAME\SERVER\DEBUG_SDK\GLOBALSTATE.OBJ
F:\VS SOURCE\SRC\GAME\SERVER\DEBUG_SDK\GRENADETHROWN.OBJ
F:\VS SOURCE\SRC\GAME\SERVER\DEBUG_SDK\GUNTARGET.OBJ
F:\VS SOURCE\SRC\GAME\SERVER\DEBUG_SDK\H_AI.OBJ
F:\VS SOURCE\SRC\GAME\SERVER\DEBUG_SDK\H_CYCLER.OBJ
F:\VS SOURCE\SRC\GAME\SERVER\DEBUG_SDK\H_EXPORT.OBJ
F:\VS SOURCE\SRC\GAME\SERVER\DEBUG_SDK\HIERARCHY.OBJ
F:\VS SOURCE\SRC\GAME\SERVER\DEBUG_SDK\HINTMESSAGE.OBJ
F:\VS SOURCE\SRC\GAME\SERVER\DEBUG_SDK\HINTSYSTEM.OBJ
F:\VS SOURCE\SRC\GAME\SERVER\DEBUG_SDK\HLTVDIRECTOR.OBJ
F:\VS SOURCE\SRC\GAME\SERVER\DEBUG_SDK\IGAMESYSTEM.OBJ
F:\VS SOURCE\SRC\GAME\SERVER\DEBUG_SDK\INFO_CAMERA_LINK.OBJ
F:\VS SOURCE\SRC\GAME\SERVER\DEBUG_SDK\INFO_OVERLAY_ACCESSOR.OBJ
F:\VS SOURCE\SRC\GAME\SERVER\DEBUG_SDK\INIT_FACTORY.OBJ
F:\VS SOURCE\SRC\GAME\SERVER\DEBUG_SDK\INTERMISSION.OBJ
F:\VS SOURCE\SRC\GAME\SERVER\DEBUG_SDK\INTERPOLATORTYPES.OBJ
F:\VS SOURCE\SRC\GAME\SERVER\DEBUG_SDK\INTERVAL.OBJ
F:\VS SOURCE\SRC\GAME\SERVER\DEBUG_SDK\ITEM_WORLD.OBJ
F:\VS SOURCE\SRC\GAME\SERVER\DEBUG_SDK\KEYFRAME.OBJ
F:\VS SOURCE\SRC\GAME\SERVER\DEBUG_SDK\LIGHTGLOW.OBJ
F:\VS SOURCE\SRC\GAME\SERVER\DEBUG_SDK\LIGHTS.OBJ
F:\VS Source\src\game\server\Debug_sdk\link.command.1.tlog
F:\VS Source\src\game\server\Debug_sdk\link.read.1.tlog
F:\VS Source\src\game\server\Debug_sdk\link.write.1.tlog
F:\VS SOURCE\SRC\GAME\SERVER\DEBUG_SDK\LOGIC_ACHIEVEMENT.OBJ
F:\VS SOURCE\SRC\GAME\SERVER\DEBUG_SDK\LOGIC_MEASURE_MOVEMENT.OBJ
F:\VS SOURCE\SRC\GAME\SERVER\DEBUG_SDK\LOGIC_NAVIGATION.OBJ
F:\VS SOURCE\SRC\GAME\SERVER\DEBUG_SDK\LOGICAUTO.OBJ
F:\VS SOURCE\SRC\GAME\SERVER\DEBUG_SDK\LOGICENTITIES.OBJ
F:\VS SOURCE\SRC\GAME\SERVER\DEBUG_SDK\LOGICRELAY.OBJ
F:\VS SOURCE\SRC\GAME\SERVER\DEBUG_SDK\MAP_UTILS.OBJ
F:\VS SOURCE\SRC\GAME\SERVER\DEBUG_SDK\MAPENTITIES.OBJ
F:\VS SOURCE\SRC\GAME\SERVER\DEBUG_SDK\MAPENTITIES_SHARED.OBJ
F:\VS SOURCE\SRC\GAME\SERVER\DEBUG_SDK\MAPRULES.OBJ
F:\VS SOURCE\SRC\GAME\SERVER\DEBUG_SDK\MATERIALMODIFYCONTROL.OBJ
F:\VS SOURCE\SRC\GAME\SERVER\DEBUG_SDK\MEMOVERRIDE.OBJ
F:\VS SOURCE\SRC\GAME\SERVER\DEBUG_SDK\MESSAGE_ENTITY.OBJ
F:\VS SOURCE\SRC\GAME\SERVER\DEBUG_SDK\MODELENTITIES.OBJ
F:\VS SOURCE\SRC\GAME\SERVER\DEBUG_SDK\MODELSOUNDSCACHE.OBJ
F:\VS SOURCE\SRC\GAME\SERVER\DEBUG_SDK\MONSTERMAKER.OBJ
F:\VS SOURCE\SRC\GAME\SERVER\DEBUG_SDK\MOVEHELPER_SERVER.OBJ
F:\VS SOURCE\SRC\GAME\SERVER\DEBUG_SDK\MOVEMENT.OBJ
F:\VS SOURCE\SRC\GAME\SERVER\DEBUG_SDK\MOVEVARS_SHARED.OBJ
F:\VS SOURCE\SRC\GAME\SERVER\DEBUG_SDK\MOVIE_EXPLOSION.OBJ
F:\VS SOURCE\SRC\GAME\SERVER\DEBUG_SDK\MP_SHAREDDEFS.OBJ
F:\VS SOURCE\SRC\GAME\SERVER\DEBUG_SDK\MULTIPLAY_GAMERULES.OBJ
F:\VS SOURCE\SRC\GAME\SERVER\DEBUG_SDK\MULTIPLAYER_ANIMSTATE.OBJ
F:\VS SOURCE\SRC\GAME\SERVER\DEBUG_SDK\NAV_AREA.OBJ
F:\VS SOURCE\SRC\GAME\SERVER\DEBUG_SDK\NAV_COLORS.OBJ
F:\VS SOURCE\SRC\GAME\SERVER\DEBUG_SDK\NAV_EDIT.OBJ
F:\VS SOURCE\SRC\GAME\SERVER\DEBUG_SDK\NAV_FILE.OBJ
F:\VS SOURCE\SRC\GAME\SERVER\DEBUG_SDK\NAV_GENERATE.OBJ
F:\VS SOURCE\SRC\GAME\SERVER\DEBUG_SDK\NAV_LADDER.OBJ
F:\VS SOURCE\SRC\GAME\SERVER\DEBUG_SDK\NAV_MESH.OBJ
F:\VS SOURCE\SRC\GAME\SERVER\DEBUG_SDK\NAV_NODE.OBJ
F:\VS SOURCE\SRC\GAME\SERVER\DEBUG_SDK\NDEBUGOVERLAY.OBJ
F:\VS SOURCE\SRC\GAME\SERVER\DEBUG_SDK\NETWORKVAR.OBJ
F:\VS SOURCE\SRC\GAME\SERVER\DEBUG_SDK\NPC_VEHICLEDRIVER.OBJ
F:\VS SOURCE\SRC\GAME\SERVER\DEBUG_SDK\OBSTACLE_PUSHAWAY.OBJ
F:\VS SOURCE\SRC\GAME\SERVER\DEBUG_SDK\PARTICLE_FIRE.OBJ
F:\VS SOURCE\SRC\GAME\SERVER\DEBUG_SDK\PARTICLE_LIGHT.OBJ
F:\VS SOURCE\SRC\GAME\SERVER\DEBUG_SDK\PARTICLE_PARSE.OBJ
F:\VS SOURCE\SRC\GAME\SERVER\DEBUG_SDK\PARTICLE_SMOKEGRENADE.OBJ
F:\VS SOURCE\SRC\GAME\SERVER\DEBUG_SDK\PARTICLE_SYSTEM.OBJ
F:\VS SOURCE\SRC\GAME\SERVER\DEBUG_SDK\PARTICLESYSTEMQUERY.OBJ
F:\VS SOURCE\SRC\GAME\SERVER\DEBUG_SDK\PATHCORNER.OBJ
F:\VS SOURCE\SRC\GAME\SERVER\DEBUG_SDK\PATHTRACK.OBJ
F:\VS SOURCE\SRC\GAME\SERVER\DEBUG_SDK\PHYS_CONTROLLER.OBJ
F:\VS SOURCE\SRC\GAME\SERVER\DEBUG_SDK\PHYSCONSTRAINT.OBJ
F:\VS SOURCE\SRC\GAME\SERVER\DEBUG_SDK\PHYSICS.OBJ
F:\VS SOURCE\SRC\GAME\SERVER\DEBUG_SDK\PHYSICS_BONE_FOLLOWER.OBJ
F:\VS SOURCE\SRC\GAME\SERVER\DEBUG_SDK\PHYSICS_CANNISTER.OBJ
F:\VS SOURCE\SRC\GAME\SERVER\DEBUG_SDK\PHYSICS_FX.OBJ
F:\VS SOURCE\SRC\GAME\SERVER\DEBUG_SDK\PHYSICS_IMPACT_DAMAGE.OBJ
F:\VS SOURCE\SRC\GAME\SERVER\DEBUG_SDK\PHYSICS_MAIN.OBJ
F:\VS SOURCE\SRC\GAME\SERVER\DEBUG_SDK\PHYSICS_MAIN_SHARED.OBJ
F:\VS SOURCE\SRC\GAME\SERVER\DEBUG_SDK\PHYSICS_NPC_SOLVER.OBJ
F:\VS SOURCE\SRC\GAME\SERVER\DEBUG_SDK\PHYSICS_PROP_RAGDOLL.OBJ
F:\VS SOURCE\SRC\GAME\SERVER\DEBUG_SDK\PHYSICS_SAVERESTORE.OBJ
F:\VS SOURCE\SRC\GAME\SERVER\DEBUG_SDK\PHYSICS_SHARED.OBJ
F:\VS SOURCE\SRC\GAME\SERVER\DEBUG_SDK\PHYSOBJ.OBJ
F:\VS SOURCE\SRC\GAME\SERVER\DEBUG_SDK\PLASMA.OBJ
F:\VS SOURCE\SRC\GAME\SERVER\DEBUG_SDK\PLAYER.OBJ
F:\VS SOURCE\SRC\GAME\SERVER\DEBUG_SDK\PLAYER_COMMAND.OBJ
F:\VS SOURCE\SRC\GAME\SERVER\DEBUG_SDK\PLAYER_LAGCOMPENSATION.OBJ
F:\VS SOURCE\SRC\GAME\SERVER\DEBUG_SDK\PLAYER_PICKUP.OBJ
F:\VS SOURCE\SRC\GAME\SERVER\DEBUG_SDK\PLAYER_RESOURCE.OBJ
F:\VS SOURCE\SRC\GAME\SERVER\DEBUG_SDK\PLAYERCLASS_INFO_PARSE.OBJ
F:\VS SOURCE\SRC\GAME\SERVER\DEBUG_SDK\PLAYERINFOMANAGER.OBJ
F:\VS SOURCE\SRC\GAME\SERVER\DEBUG_SDK\PLAYERLOCALDATA.OBJ
F:\VS SOURCE\SRC\GAME\SERVER\DEBUG_SDK\PLUGIN_CHECK.OBJ
F:\VS SOURCE\SRC\GAME\SERVER\DEBUG_SDK\POINT_BONUSMAPS_ACCESSOR.OBJ
F:\VS SOURCE\SRC\GAME\SERVER\DEBUG_SDK\POINT_CAMERA.OBJ
F:\VS SOURCE\SRC\GAME\SERVER\DEBUG_SDK\POINT_DEVSHOT_CAMERA.OBJ
F:\VS SOURCE\SRC\GAME\SERVER\DEBUG_SDK\POINT_PLAYERMOVECONSTRAINT.OBJ
F:\VS SOURCE\SRC\GAME\SERVER\DEBUG_SDK\POINT_POSECONTROLLER.OBJ
F:\VS SOURCE\SRC\GAME\SERVER\DEBUG_SDK\POINT_SPOTLIGHT.OBJ
F:\VS SOURCE\SRC\GAME\SERVER\DEBUG_SDK\POINT_TEMPLATE.OBJ
F:\VS SOURCE\SRC\GAME\SERVER\DEBUG_SDK\POINTANGLESENSOR.OBJ
F:\VS SOURCE\SRC\GAME\SERVER\DEBUG_SDK\POINTANGULARVELOCITYSENSOR.OBJ
F:\VS SOURCE\SRC\GAME\SERVER\DEBUG_SDK\POINTHURT.OBJ
F:\VS SOURCE\SRC\GAME\SERVER\DEBUG_SDK\POINTTELEPORT.OBJ
F:\VS SOURCE\SRC\GAME\SERVER\DEBUG_SDK\PRECACHE_REGISTER.OBJ
F:\VS SOURCE\SRC\GAME\SERVER\DEBUG_SDK\PREDICTABLEID.OBJ
F:\VS SOURCE\SRC\GAME\SERVER\DEBUG_SDK\PREDICTED_VIEWMODEL.OBJ
F:\VS SOURCE\SRC\GAME\SERVER\DEBUG_SDK\PROPS.OBJ
F:\VS SOURCE\SRC\GAME\SERVER\DEBUG_SDK\PROPS_SHARED.OBJ
F:\VS SOURCE\SRC\GAME\SERVER\DEBUG_SDK\RAGDOLL_MANAGER.OBJ
F:\VS SOURCE\SRC\GAME\SERVER\DEBUG_SDK\RAGDOLL_SHARED.OBJ
F:\VS SOURCE\SRC\GAME\SERVER\DEBUG_SDK\RAGDOLLBOOGIE.OBJ
F:\VS SOURCE\SRC\GAME\SERVER\DEBUG_SDK\RANDOVERRIDE.OBJ
F:\VS SOURCE\SRC\GAME\SERVER\DEBUG_SDK\RECIPIENTFILTER.OBJ
F:\VS SOURCE\SRC\GAME\SERVER\DEBUG_SDK\REGISTRY.OBJ
F:\VS SOURCE\SRC\GAME\SERVER\DEBUG_SDK\ROPE.OBJ
F:\VS SOURCE\SRC\GAME\SERVER\DEBUG_SDK\ROPE_HELPERS.OBJ
F:\VS SOURCE\SRC\GAME\SERVER\DEBUG_SDK\ROPE_PHYSICS.OBJ
F:\VS SOURCE\SRC\GAME\SERVER\DEBUG_SDK\SAVERESTORE.OBJ
F:\VS SOURCE\SRC\GAME\SERVER\DEBUG_SDK\SAVERESTORE_GAMEDLL.OBJ
F:\VS SOURCE\SRC\GAME\SERVER\DEBUG_SDK\SCENECACHE.OBJ
F:\VS SOURCE\SRC\GAME\SERVER\DEBUG_SDK\SCENEENTITY.OBJ
F:\VS SOURCE\SRC\GAME\SERVER\DEBUG_SDK\SCENEENTITY_SHARED.OBJ
F:\VS SOURCE\SRC\GAME\SERVER\DEBUG_SDK\SCRATCHPAD_GAMEDLL_HELPERS.OBJ
F:\VS SOURCE\SRC\GAME\SERVER\DEBUG_SDK\SCRATCHPAD3D.OBJ
F:\VS SOURCE\SRC\GAME\SERVER\DEBUG_SDK\SCRATCHPADUTILS.OBJ
F:\VS SOURCE\SRC\GAME\SERVER\DEBUG_SDK\SCRIPTED.OBJ
F:\VS SOURCE\SRC\GAME\SERVER\DEBUG_SDK\SCRIPTEDTARGET.OBJ
F:\VS SOURCE\SRC\GAME\SERVER\DEBUG_SDK\SDK_BASEGRENADE_PROJECTILE.OBJ
F:\VS SOURCE\SRC\GAME\SERVER\DEBUG_SDK\SDK_BOT_TEMP.OBJ
F:\VS SOURCE\SRC\GAME\SERVER\DEBUG_SDK\SDK_BRUSHENTITY.OBJ
F:\VS SOURCE\SRC\GAME\SERVER\DEBUG_SDK\SDK_CLIENT.OBJ
F:\VS SOURCE\SRC\GAME\SERVER\DEBUG_SDK\SDK_ENV_MESSAGE.OBJ
F:\VS SOURCE\SRC\GAME\SERVER\DEBUG_SDK\SDK_ENV_SPARKLER.OBJ
F:\VS SOURCE\SRC\GAME\SERVER\DEBUG_SDK\SDK_EVENTLOG.OBJ
F:\VS SOURCE\SRC\GAME\SERVER\DEBUG_SDK\SDK_FX_SHARED.OBJ
F:\VS SOURCE\SRC\GAME\SERVER\DEBUG_SDK\SDK_GAMEINTERFACE.OBJ
F:\VS SOURCE\SRC\GAME\SERVER\DEBUG_SDK\SDK_GAMEMOVEMENT.OBJ
F:\VS SOURCE\SRC\GAME\SERVER\DEBUG_SDK\SDK_GAMERULES.OBJ
F:\VS SOURCE\SRC\GAME\SERVER\DEBUG_SDK\SDK_LOGICALENTITY.OBJ
F:\VS SOURCE\SRC\GAME\SERVER\DEBUG_SDK\SDK_MODELENTITY.OBJ
F:\VS SOURCE\SRC\GAME\SERVER\DEBUG_SDK\SDK_PLAYER.OBJ
F:\VS SOURCE\SRC\GAME\SERVER\DEBUG_SDK\SDK_PLAYER_RESOURCE.OBJ
F:\VS SOURCE\SRC\GAME\SERVER\DEBUG_SDK\SDK_PLAYER_SHARED.OBJ
F:\VS SOURCE\SRC\GAME\SERVER\DEBUG_SDK\SDK_PLAYERANIMSTATE.OBJ
F:\VS SOURCE\SRC\GAME\SERVER\DEBUG_SDK\SDK_PLAYERCLASS_INFO_PARSE.OBJ
F:\VS SOURCE\SRC\GAME\SERVER\DEBUG_SDK\SDK_PLAYERMOVE.OBJ
F:\VS SOURCE\SRC\GAME\SERVER\DEBUG_SDK\SDK_SHAREDDEFS.OBJ
F:\VS SOURCE\SRC\GAME\SERVER\DEBUG_SDK\SDK_TEAM.OBJ
F:\VS SOURCE\SRC\GAME\SERVER\DEBUG_SDK\SDK_USERMESSAGES.OBJ
F:\VS SOURCE\SRC\GAME\SERVER\DEBUG_SDK\SDK_VEHICLE_JEEP.OBJ
F:\VS SOURCE\SRC\GAME\SERVER\DEBUG_SDK\SDK_WEAPON_MELEE.OBJ
F:\VS SOURCE\SRC\GAME\SERVER\DEBUG_SDK\SDK_WEAPON_PARSE.OBJ
F:\VS SOURCE\SRC\GAME\SERVER\DEBUG_SDK\SENDPROXY.OBJ
F:\VS SOURCE\SRC\GAME\SERVER\DEBUG_SDK\SEQUENCE_TRANSITIONER.OBJ
F:\VS Source\src\game\server\Debug_sdk\Server SDK.write.1.tlog
F:\VS SOURCE\SRC\GAME\SERVER\DEBUG_SDK\SERVER.DLL
F:\VS Source\src\game\server\Debug_sdk\server.exp
F:\VS SOURCE\SRC\GAME\SERVER\DEBUG_SDK\SERVER.ILK
F:\VS Source\src\game\server\Debug_sdk\server.lib
F:\VS SOURCE\SRC\GAME\SERVER\DEBUG_SDK\SERVER.MAP
F:\VS SOURCE\SRC\GAME\SERVER\DEBUG_SDK\SERVER.PCH
F:\VS SOURCE\SRC\GAME\SERVER\DEBUG_SDK\SERVER.PDB
F:\VS SOURCE\SRC\GAME\SERVER\DEBUG_SDK\SERVER_CLASS.OBJ
F:\VS SOURCE\SRC\GAME\SERVER\DEBUG_SDK\SERVERBENCHMARK_BASE.OBJ
F:\VS SOURCE\SRC\GAME\SERVER\DEBUG_SDK\SERVERNETWORKPROPERTY.OBJ
F:\VS SOURCE\SRC\GAME\SERVER\DEBUG_SDK\SHADOWCONTROL.OBJ
F:\VS SOURCE\SRC\GAME\SERVER\DEBUG_SDK\SHEETSIMULATOR.OBJ
F:\VS SOURCE\SRC\GAME\SERVER\DEBUG_SDK\SIMPLE_PHYSICS.OBJ
F:\VS SOURCE\SRC\GAME\SERVER\DEBUG_SDK\SIMTIMER.OBJ
F:\VS SOURCE\SRC\GAME\SERVER\DEBUG_SDK\SINGLEPLAY_GAMERULES.OBJ
F:\VS SOURCE\SRC\GAME\SERVER\DEBUG_SDK\SKYCAMERA.OBJ
F:\VS SOURCE\SRC\GAME\SERVER\DEBUG_SDK\SLIDESHOW_DISPLAY.OBJ
F:\VS SOURCE\SRC\GAME\SERVER\DEBUG_SDK\SMOKE_TRAIL.OBJ
F:\VS SOURCE\SRC\GAME\SERVER\DEBUG_SDK\SMOKESTACK.OBJ
F:\VS SOURCE\SRC\GAME\SERVER\DEBUG_SDK\SOUND.OBJ
F:\VS SOURCE\SRC\GAME\SERVER\DEBUG_SDK\SOUNDEMITTERSYSTEM.OBJ
F:\VS SOURCE\SRC\GAME\SERVER\DEBUG_SDK\SOUNDENT.OBJ
F:\VS SOURCE\SRC\GAME\SERVER\DEBUG_SDK\SOUNDENVELOPE.OBJ
F:\VS SOURCE\SRC\GAME\SERVER\DEBUG_SDK\SOUNDPARAMETERSINTERNAL.OBJ
F:\VS SOURCE\SRC\GAME\SERVER\DEBUG_SDK\SOUNDSCAPE.OBJ
F:\VS SOURCE\SRC\GAME\SERVER\DEBUG_SDK\SOUNDSCAPE_SYSTEM.OBJ
F:\VS SOURCE\SRC\GAME\SERVER\DEBUG_SDK\SPOTLIGHTEND.OBJ
F:\VS SOURCE\SRC\GAME\SERVER\DEBUG_SDK\SPRITE.OBJ
F:\VS SOURCE\SRC\GAME\SERVER\DEBUG_SDK\SPRITE_PERFMONITOR.OBJ
F:\VS SOURCE\SRC\GAME\SERVER\DEBUG_SDK\SPRITETRAIL.OBJ
F:\VS SOURCE\SRC\GAME\SERVER\DEBUG_SDK\STDAFX.OBJ
F:\VS SOURCE\SRC\GAME\SERVER\DEBUG_SDK\STEAMJET.OBJ
F:\VS SOURCE\SRC\GAME\SERVER\DEBUG_SDK\STRINGREGISTRY.OBJ
F:\VS SOURCE\SRC\GAME\SERVER\DEBUG_SDK\STUDIO.OBJ
F:\VS SOURCE\SRC\GAME\SERVER\DEBUG_SDK\STUDIO_SHARED.OBJ
F:\VS SOURCE\SRC\GAME\SERVER\DEBUG_SDK\SUBS.OBJ
F:\VS SOURCE\SRC\GAME\SERVER\DEBUG_SDK\SUN.OBJ
F:\VS SOURCE\SRC\GAME\SERVER\DEBUG_SDK\TAKEDAMAGEINFO.OBJ
F:\VS SOURCE\SRC\GAME\SERVER\DEBUG_SDK\TANKTRAIN.OBJ
F:\VS SOURCE\SRC\GAME\SERVER\DEBUG_SDK\TE.OBJ
F:\VS SOURCE\SRC\GAME\SERVER\DEBUG_SDK\TE_ARMORRICOCHET.OBJ
F:\VS SOURCE\SRC\GAME\SERVER\DEBUG_SDK\TE_BASEBEAM.OBJ
F:\VS SOURCE\SRC\GAME\SERVER\DEBUG_SDK\TE_BEAMENTPOINT.OBJ
F:\VS SOURCE\SRC\GAME\SERVER\DEBUG_SDK\TE_BEAMENTS.OBJ
F:\VS SOURCE\SRC\GAME\SERVER\DEBUG_SDK\TE_BEAMFOLLOW.OBJ
F:\VS SOURCE\SRC\GAME\SERVER\DEBUG_SDK\TE_BEAMLASER.OBJ
F:\VS SOURCE\SRC\GAME\SERVER\DEBUG_SDK\TE_BEAMPOINTS.OBJ
F:\VS SOURCE\SRC\GAME\SERVER\DEBUG_SDK\TE_BEAMRING.OBJ
F:\VS SOURCE\SRC\GAME\SERVER\DEBUG_SDK\TE_BEAMRINGPOINT.OBJ
F:\VS SOURCE\SRC\GAME\SERVER\DEBUG_SDK\TE_BEAMSPLINE.OBJ
F:\VS SOURCE\SRC\GAME\SERVER\DEBUG_SDK\TE_BLOODSPRITE.OBJ
F:\VS SOURCE\SRC\GAME\SERVER\DEBUG_SDK\TE_BLOODSTREAM.OBJ
F:\VS SOURCE\SRC\GAME\SERVER\DEBUG_SDK\TE_BREAKMODEL.OBJ
F:\VS SOURCE\SRC\GAME\SERVER\DEBUG_SDK\TE_BSPDECAL.OBJ
F:\VS SOURCE\SRC\GAME\SERVER\DEBUG_SDK\TE_BUBBLES.OBJ
F:\VS SOURCE\SRC\GAME\SERVER\DEBUG_SDK\TE_BUBBLETRAIL.OBJ
F:\VS SOURCE\SRC\GAME\SERVER\DEBUG_SDK\TE_CLIENTPROJECTILE.OBJ
F:\VS SOURCE\SRC\GAME\SERVER\DEBUG_SDK\TE_DECAL.OBJ
F:\VS SOURCE\SRC\GAME\SERVER\DEBUG_SDK\TE_DYNAMICLIGHT.OBJ
F:\VS SOURCE\SRC\GAME\SERVER\DEBUG_SDK\TE_EFFECT_DISPATCH.OBJ
F:\VS SOURCE\SRC\GAME\SERVER\DEBUG_SDK\TE_ENERGYSPLASH.OBJ
F:\VS SOURCE\SRC\GAME\SERVER\DEBUG_SDK\TE_EXPLOSION.OBJ
F:\VS SOURCE\SRC\GAME\SERVER\DEBUG_SDK\TE_FIREBULLETS.OBJ
F:\VS SOURCE\SRC\GAME\SERVER\DEBUG_SDK\TE_FIZZ.OBJ
F:\VS SOURCE\SRC\GAME\SERVER\DEBUG_SDK\TE_FOOTPRINTDECAL.OBJ
F:\VS SOURCE\SRC\GAME\SERVER\DEBUG_SDK\TE_GLASSSHATTER.OBJ
F:\VS SOURCE\SRC\GAME\SERVER\DEBUG_SDK\TE_GLOWSPRITE.OBJ
F:\VS SOURCE\SRC\GAME\SERVER\DEBUG_SDK\TE_IMPACT.OBJ
F:\VS SOURCE\SRC\GAME\SERVER\DEBUG_SDK\TE_KILLPLAYERATTACHMENTS.OBJ
F:\VS SOURCE\SRC\GAME\SERVER\DEBUG_SDK\TE_LARGEFUNNEL.OBJ
F:\VS SOURCE\SRC\GAME\SERVER\DEBUG_SDK\TE_MUZZLEFLASH.OBJ
F:\VS SOURCE\SRC\GAME\SERVER\DEBUG_SDK\TE_PARTICLESYSTEM.OBJ
F:\VS SOURCE\SRC\GAME\SERVER\DEBUG_SDK\TE_PHYSICSPROP.OBJ
F:\VS SOURCE\SRC\GAME\SERVER\DEBUG_SDK\TE_PLAYERDECAL.OBJ
F:\VS SOURCE\SRC\GAME\SERVER\DEBUG_SDK\TE_PROJECTEDDECAL.OBJ
F:\VS SOURCE\SRC\GAME\SERVER\DEBUG_SDK\TE_SHOWLINE.OBJ
F:\VS SOURCE\SRC\GAME\SERVER\DEBUG_SDK\TE_SMOKE.OBJ
F:\VS SOURCE\SRC\GAME\SERVER\DEBUG_SDK\TE_SPARKS.OBJ
F:\VS SOURCE\SRC\GAME\SERVER\DEBUG_SDK\TE_SPRITE.OBJ
F:\VS SOURCE\SRC\GAME\SERVER\DEBUG_SDK\TE_SPRITESPRAY.OBJ
F:\VS SOURCE\SRC\GAME\SERVER\DEBUG_SDK\TE_WORLDDECAL.OBJ
F:\VS SOURCE\SRC\GAME\SERVER\DEBUG_SDK\TEAM.OBJ
F:\VS SOURCE\SRC\GAME\SERVER\DEBUG_SDK\TEAM_SPAWNPOINT.OBJ
F:\VS SOURCE\SRC\GAME\SERVER\DEBUG_SDK\TEAMPLAY_GAMERULES.OBJ
F:\VS SOURCE\SRC\GAME\SERVER\DEBUG_SDK\TEMPLATEENTITIES.OBJ
F:\VS SOURCE\SRC\GAME\SERVER\DEBUG_SDK\TEMPMONSTER.OBJ
F:\VS SOURCE\SRC\GAME\SERVER\DEBUG_SDK\TESLA.OBJ
F:\VS SOURCE\SRC\GAME\SERVER\DEBUG_SDK\TEST_EHANDLE.OBJ
F:\VS SOURCE\SRC\GAME\SERVER\DEBUG_SDK\TEST_PROXYTOGGLE.OBJ
F:\VS SOURCE\SRC\GAME\SERVER\DEBUG_SDK\TEST_STRESSENTITIES.OBJ
F:\VS SOURCE\SRC\GAME\SERVER\DEBUG_SDK\TESTFUNCTIONS.OBJ
F:\VS SOURCE\SRC\GAME\SERVER\DEBUG_SDK\TESTTRACELINE.OBJ
F:\VS SOURCE\SRC\GAME\SERVER\DEBUG_SDK\TEXTSTATSMGR.OBJ
F:\VS SOURCE\SRC\GAME\SERVER\DEBUG_SDK\TIMEDEVENTMGR.OBJ
F:\VS SOURCE\SRC\GAME\SERVER\DEBUG_SDK\TOOLFRAMEWORK_SERVER.OBJ
F:\VS SOURCE\SRC\GAME\SERVER\DEBUG_SDK\TRAINS.OBJ
F:\VS SOURCE\SRC\GAME\SERVER\DEBUG_SDK\TRIGGERS.OBJ
F:\VS SOURCE\SRC\GAME\SERVER\DEBUG_SDK\USERCMD.OBJ
F:\VS SOURCE\SRC\GAME\SERVER\DEBUG_SDK\USERMESSAGES.OBJ
F:\VS SOURCE\SRC\GAME\SERVER\DEBUG_SDK\UTIL.OBJ
F:\VS SOURCE\SRC\GAME\SERVER\DEBUG_SDK\UTIL_SHARED.OBJ
F:\VS SOURCE\SRC\GAME\SERVER\DEBUG_SDK\VARIANT_T.OBJ
F:\VS Source\src\game\server\Debug_sdk\vc100.idb
F:\VS SOURCE\SRC\GAME\SERVER\DEBUG_SDK\VC100.PDB
F:\VS SOURCE\SRC\GAME\SERVER\DEBUG_SDK\VEHICLE_BASE.OBJ
F:\VS SOURCE\SRC\GAME\SERVER\DEBUG_SDK\VEHICLE_BASESERVER.OBJ
F:\VS SOURCE\SRC\GAME\SERVER\DEBUG_SDK\VEHICLE_CHOREO_GENERIC.OBJ
F:\VS SOURCE\SRC\GAME\SERVER\DEBUG_SDK\VEHICLE_VIEWBLEND_SHARED.OBJ
F:\VS SOURCE\SRC\GAME\SERVER\DEBUG_SDK\VGUISCREEN.OBJ
F:\VS SOURCE\SRC\GAME\SERVER\DEBUG_SDK\VOICE_GAMEMGR.OBJ
F:\VS SOURCE\SRC\GAME\SERVER\DEBUG_SDK\WATERBULLET.OBJ
F:\VS SOURCE\SRC\GAME\SERVER\DEBUG_SDK\WATERLODCONTROL.OBJ
F:\VS SOURCE\SRC\GAME\SERVER\DEBUG_SDK\WCEDIT.OBJ
F:\VS SOURCE\SRC\GAME\SERVER\DEBUG_SDK\WEAPON_BASESDKGRENADE.OBJ
F:\VS SOURCE\SRC\GAME\SERVER\DEBUG_SDK\WEAPON_CROWBAR.OBJ
F:\VS SOURCE\SRC\GAME\SERVER\DEBUG_SDK\WEAPON_GRENADE.OBJ
F:\VS SOURCE\SRC\GAME\SERVER\DEBUG_SDK\WEAPON_MP5.OBJ
F:\VS SOURCE\SRC\GAME\SERVER\DEBUG_SDK\WEAPON_PARSE.OBJ
F:\VS SOURCE\SRC\GAME\SERVER\DEBUG_SDK\WEAPON_PISTOL.OBJ
F:\VS SOURCE\SRC\GAME\SERVER\DEBUG_SDK\WEAPON_PROFICIENCY.OBJ
F:\VS SOURCE\SRC\GAME\SERVER\DEBUG_SDK\WEAPON_SDKBASE.OBJ
F:\VS SOURCE\SRC\GAME\SERVER\DEBUG_SDK\WEAPON_SHOTGUN.OBJ
F:\VS SOURCE\SRC\GAME\SERVER\DEBUG_SDK\WEIGHT_BUTTON.OBJ
F:\VS SOURCE\SRC\GAME\SERVER\DEBUG_SDK\WORLD.OBJ
