.\Debug_sdk\client.ilk
.\Debug_sdk\client.pdb
c:\program files (x86)\steam\steamapps\SourceMods\vampireslayersource\bin\client.dll
F:\VS Source\src\game\client\.\Debug_sdk\client.dll
F:\VS SOURCE\SRC\GAME\CLIENT\DEBUG_SDK\ACHIEVEMENT_NOTIFICATION_PANEL.OBJ
F:\VS SOURCE\SRC\GAME\CLIENT\DEBUG_SDK\ACHIEVEMENT_SAVERESTORE.OBJ
F:\VS SOURCE\SRC\GAME\CLIENT\DEBUG_SDK\ACHIEVEMENTMGR.OBJ
F:\VS SOURCE\SRC\GAME\CLIENT\DEBUG_SDK\ACHIEVEMENTS_HLX.OBJ
F:\VS SOURCE\SRC\GAME\CLIENT\DEBUG_SDK\ACTIVITYLIST.OBJ
F:\VS SOURCE\SRC\GAME\CLIENT\DEBUG_SDK\ALPHAMATERIALPROXY.OBJ
F:\VS SOURCE\SRC\GAME\CLIENT\DEBUG_SDK\AMMODEF.OBJ
F:\VS SOURCE\SRC\GAME\CLIENT\DEBUG_SDK\ANIMATEDENTITYTEXTUREPROXY.OBJ
F:\VS SOURCE\SRC\GAME\CLIENT\DEBUG_SDK\ANIMATEDOFFSETTEXTUREPROXY.OBJ
F:\VS SOURCE\SRC\GAME\CLIENT\DEBUG_SDK\ANIMATEDTEXTUREPROXY.OBJ
F:\VS SOURCE\SRC\GAME\CLIENT\DEBUG_SDK\ANIMATESPECIFICTEXTUREPROXY.OBJ
F:\VS SOURCE\SRC\GAME\CLIENT\DEBUG_SDK\ANIMATION.OBJ
F:\VS SOURCE\SRC\GAME\CLIENT\DEBUG_SDK\BASE_PLAYERANIMSTATE.OBJ
F:\VS SOURCE\SRC\GAME\CLIENT\DEBUG_SDK\BASEACHIEVEMENT.OBJ
F:\VS SOURCE\SRC\GAME\CLIENT\DEBUG_SDK\BASEANIMATEDTEXTUREPROXY.OBJ
F:\VS SOURCE\SRC\GAME\CLIENT\DEBUG_SDK\BASECLIENTRENDERTARGETS.OBJ
F:\VS SOURCE\SRC\GAME\CLIENT\DEBUG_SDK\BASECOMBATCHARACTER_SHARED.OBJ
F:\VS SOURCE\SRC\GAME\CLIENT\DEBUG_SDK\BASECOMBATWEAPON_SHARED.OBJ
F:\VS SOURCE\SRC\GAME\CLIENT\DEBUG_SDK\BASEENTITY_SHARED.OBJ
F:\VS SOURCE\SRC\GAME\CLIENT\DEBUG_SDK\BASEGRENADE_SHARED.OBJ
F:\VS SOURCE\SRC\GAME\CLIENT\DEBUG_SDK\BASEMODEL_PANEL.OBJ
F:\VS SOURCE\SRC\GAME\CLIENT\DEBUG_SDK\BASEMODELPANEL.OBJ
F:\VS SOURCE\SRC\GAME\CLIENT\DEBUG_SDK\BASEPARTICLEENTITY.OBJ
F:\VS SOURCE\SRC\GAME\CLIENT\DEBUG_SDK\BASEPLAYER_SHARED.OBJ
F:\VS SOURCE\SRC\GAME\CLIENT\DEBUG_SDK\BASEPRESENCE.OBJ
F:\VS SOURCE\SRC\GAME\CLIENT\DEBUG_SDK\BASEVIEWMODEL_SHARED.OBJ
F:\VS SOURCE\SRC\GAME\CLIENT\DEBUG_SDK\BASEVIEWPORT.OBJ
F:\VS SOURCE\SRC\GAME\CLIENT\DEBUG_SDK\BEAM_SHARED.OBJ
F:\VS SOURCE\SRC\GAME\CLIENT\DEBUG_SDK\BEAMDRAW.OBJ
F:\VS SOURCE\SRC\GAME\CLIENT\DEBUG_SDK\BONE_ACCESSOR.OBJ
F:\VS SOURCE\SRC\GAME\CLIENT\DEBUG_SDK\BONE_MERGE_CACHE.OBJ
F:\VS SOURCE\SRC\GAME\CLIENT\DEBUG_SDK\BONE_SETUP.OBJ
F:\VS SOURCE\SRC\GAME\CLIENT\DEBUG_SDK\BONELIST.OBJ
F:\VS SOURCE\SRC\GAME\CLIENT\DEBUG_SDK\C_AI_BASEHUMANOID.OBJ
F:\VS SOURCE\SRC\GAME\CLIENT\DEBUG_SDK\C_AI_BASENPC.OBJ
F:\VS SOURCE\SRC\GAME\CLIENT\DEBUG_SDK\C_BASEANIMATING.OBJ
F:\VS SOURCE\SRC\GAME\CLIENT\DEBUG_SDK\C_BASEANIMATINGOVERLAY.OBJ
F:\VS SOURCE\SRC\GAME\CLIENT\DEBUG_SDK\C_BASECOMBATCHARACTER.OBJ
F:\VS SOURCE\SRC\GAME\CLIENT\DEBUG_SDK\C_BASECOMBATWEAPON.OBJ
F:\VS SOURCE\SRC\GAME\CLIENT\DEBUG_SDK\C_BASEDOOR.OBJ
F:\VS SOURCE\SRC\GAME\CLIENT\DEBUG_SDK\C_BASEENTITY.OBJ
F:\VS SOURCE\SRC\GAME\CLIENT\DEBUG_SDK\C_BASEFLEX.OBJ
F:\VS SOURCE\SRC\GAME\CLIENT\DEBUG_SDK\C_BASEPLAYER.OBJ
F:\VS SOURCE\SRC\GAME\CLIENT\DEBUG_SDK\C_BASETEMPENTITY.OBJ
F:\VS SOURCE\SRC\GAME\CLIENT\DEBUG_SDK\C_BASEVIEWMODEL.OBJ
F:\VS SOURCE\SRC\GAME\CLIENT\DEBUG_SDK\C_BREAKABLEPROP.OBJ
F:\VS SOURCE\SRC\GAME\CLIENT\DEBUG_SDK\C_COLORCORRECTION.OBJ
F:\VS SOURCE\SRC\GAME\CLIENT\DEBUG_SDK\C_COLORCORRECTIONVOLUME.OBJ
F:\VS SOURCE\SRC\GAME\CLIENT\DEBUG_SDK\C_DYNAMICLIGHT.OBJ
F:\VS SOURCE\SRC\GAME\CLIENT\DEBUG_SDK\C_EFFECTS.OBJ
F:\VS SOURCE\SRC\GAME\CLIENT\DEBUG_SDK\C_ENTITYDISSOLVE.OBJ
F:\VS SOURCE\SRC\GAME\CLIENT\DEBUG_SDK\C_ENTITYPARTICLETRAIL.OBJ
F:\VS SOURCE\SRC\GAME\CLIENT\DEBUG_SDK\C_ENV_FOG_CONTROLLER.OBJ
F:\VS SOURCE\SRC\GAME\CLIENT\DEBUG_SDK\C_ENV_PARTICLESCRIPT.OBJ
F:\VS SOURCE\SRC\GAME\CLIENT\DEBUG_SDK\C_ENV_PROJECTEDTEXTURE.OBJ
F:\VS SOURCE\SRC\GAME\CLIENT\DEBUG_SDK\C_ENV_SCREENOVERLAY.OBJ
F:\VS SOURCE\SRC\GAME\CLIENT\DEBUG_SDK\C_ENV_TONEMAP_CONTROLLER.OBJ
F:\VS SOURCE\SRC\GAME\CLIENT\DEBUG_SDK\C_FIRE_SMOKE.OBJ
F:\VS SOURCE\SRC\GAME\CLIENT\DEBUG_SDK\C_FISH.OBJ
F:\VS SOURCE\SRC\GAME\CLIENT\DEBUG_SDK\C_FUNC_AREAPORTALWINDOW.OBJ
F:\VS SOURCE\SRC\GAME\CLIENT\DEBUG_SDK\C_FUNC_BREAKABLESURF.OBJ
F:\VS SOURCE\SRC\GAME\CLIENT\DEBUG_SDK\C_FUNC_CONVEYOR.OBJ
F:\VS SOURCE\SRC\GAME\CLIENT\DEBUG_SDK\C_FUNC_DUST.OBJ
F:\VS SOURCE\SRC\GAME\CLIENT\DEBUG_SDK\C_FUNC_LOD.OBJ
F:\VS SOURCE\SRC\GAME\CLIENT\DEBUG_SDK\C_FUNC_OCCLUDER.OBJ
F:\VS SOURCE\SRC\GAME\CLIENT\DEBUG_SDK\C_FUNC_REFLECTIVE_GLASS.OBJ
F:\VS SOURCE\SRC\GAME\CLIENT\DEBUG_SDK\C_FUNC_ROTATING.OBJ
F:\VS SOURCE\SRC\GAME\CLIENT\DEBUG_SDK\C_FUNC_SMOKEVOLUME.OBJ
F:\VS SOURCE\SRC\GAME\CLIENT\DEBUG_SDK\C_FUNC_TRACKTRAIN.OBJ
F:\VS SOURCE\SRC\GAME\CLIENT\DEBUG_SDK\C_GIB.OBJ
F:\VS SOURCE\SRC\GAME\CLIENT\DEBUG_SDK\C_HAIRBALL.OBJ
F:\VS SOURCE\SRC\GAME\CLIENT\DEBUG_SDK\C_IMPACT_EFFECTS.OBJ
F:\VS SOURCE\SRC\GAME\CLIENT\DEBUG_SDK\C_INFO_OVERLAY_ACCESSOR.OBJ
F:\VS SOURCE\SRC\GAME\CLIENT\DEBUG_SDK\C_LIGHTGLOW.OBJ
F:\VS SOURCE\SRC\GAME\CLIENT\DEBUG_SDK\C_MATERIALMODIFYCONTROL.OBJ
F:\VS SOURCE\SRC\GAME\CLIENT\DEBUG_SDK\C_MOVIE_EXPLOSION.OBJ
F:\VS SOURCE\SRC\GAME\CLIENT\DEBUG_SDK\C_PARTICLE_FIRE.OBJ
F:\VS SOURCE\SRC\GAME\CLIENT\DEBUG_SDK\C_PARTICLE_SMOKEGRENADE.OBJ
F:\VS SOURCE\SRC\GAME\CLIENT\DEBUG_SDK\C_PARTICLE_SYSTEM.OBJ
F:\VS SOURCE\SRC\GAME\CLIENT\DEBUG_SDK\C_PHYSBOX.OBJ
F:\VS SOURCE\SRC\GAME\CLIENT\DEBUG_SDK\C_PHYSICSPROP.OBJ
F:\VS SOURCE\SRC\GAME\CLIENT\DEBUG_SDK\C_PHYSMAGNET.OBJ
F:\VS SOURCE\SRC\GAME\CLIENT\DEBUG_SDK\C_PIXEL_VISIBILITY.OBJ
F:\VS SOURCE\SRC\GAME\CLIENT\DEBUG_SDK\C_PLASMA.OBJ
F:\VS SOURCE\SRC\GAME\CLIENT\DEBUG_SDK\C_PLAYERRESOURCE.OBJ
F:\VS SOURCE\SRC\GAME\CLIENT\DEBUG_SDK\C_POINT_CAMERA.OBJ
F:\VS SOURCE\SRC\GAME\CLIENT\DEBUG_SDK\C_POINT_COMMENTARY_NODE.OBJ
F:\VS SOURCE\SRC\GAME\CLIENT\DEBUG_SDK\C_PROP_VEHICLE.OBJ
F:\VS SOURCE\SRC\GAME\CLIENT\DEBUG_SDK\C_PROPS.OBJ
F:\VS SOURCE\SRC\GAME\CLIENT\DEBUG_SDK\C_RAGDOLL_MANAGER.OBJ
F:\VS SOURCE\SRC\GAME\CLIENT\DEBUG_SDK\C_RECIPIENTFILTER.OBJ
F:\VS SOURCE\SRC\GAME\CLIENT\DEBUG_SDK\C_ROPE.OBJ
F:\VS SOURCE\SRC\GAME\CLIENT\DEBUG_SDK\C_RUMBLE.OBJ
F:\VS SOURCE\SRC\GAME\CLIENT\DEBUG_SDK\C_SCENEENTITY.OBJ
F:\VS SOURCE\SRC\GAME\CLIENT\DEBUG_SDK\C_SDK_ENV_SPARKLER.OBJ
F:\VS SOURCE\SRC\GAME\CLIENT\DEBUG_SDK\C_SDK_PLAYER.OBJ
F:\VS SOURCE\SRC\GAME\CLIENT\DEBUG_SDK\C_SDK_PLAYER_RESOURCE.OBJ
F:\VS SOURCE\SRC\GAME\CLIENT\DEBUG_SDK\C_SDK_TEAM.OBJ
F:\VS SOURCE\SRC\GAME\CLIENT\DEBUG_SDK\C_SHADOWCONTROL.OBJ
F:\VS SOURCE\SRC\GAME\CLIENT\DEBUG_SDK\C_SLIDESHOW_DISPLAY.OBJ
F:\VS SOURCE\SRC\GAME\CLIENT\DEBUG_SDK\C_SMOKE_TRAIL.OBJ
F:\VS SOURCE\SRC\GAME\CLIENT\DEBUG_SDK\C_SMOKESTACK.OBJ
F:\VS SOURCE\SRC\GAME\CLIENT\DEBUG_SDK\C_SOUNDSCAPE.OBJ
F:\VS SOURCE\SRC\GAME\CLIENT\DEBUG_SDK\C_SPOTLIGHT_END.OBJ
F:\VS SOURCE\SRC\GAME\CLIENT\DEBUG_SDK\C_SPRITE.OBJ
F:\VS SOURCE\SRC\GAME\CLIENT\DEBUG_SDK\C_SPRITE_PERFMONITOR.OBJ
F:\VS SOURCE\SRC\GAME\CLIENT\DEBUG_SDK\C_STEAMJET.OBJ
F:\VS SOURCE\SRC\GAME\CLIENT\DEBUG_SDK\C_STICKYBOLT.OBJ
F:\VS SOURCE\SRC\GAME\CLIENT\DEBUG_SDK\C_SUN.OBJ
F:\VS SOURCE\SRC\GAME\CLIENT\DEBUG_SDK\C_TE.OBJ
F:\VS SOURCE\SRC\GAME\CLIENT\DEBUG_SDK\C_TE_ARMORRICOCHET.OBJ
F:\VS SOURCE\SRC\GAME\CLIENT\DEBUG_SDK\C_TE_BASEBEAM.OBJ
F:\VS SOURCE\SRC\GAME\CLIENT\DEBUG_SDK\C_TE_BEAMENTPOINT.OBJ
F:\VS SOURCE\SRC\GAME\CLIENT\DEBUG_SDK\C_TE_BEAMENTS.OBJ
F:\VS SOURCE\SRC\GAME\CLIENT\DEBUG_SDK\C_TE_BEAMFOLLOW.OBJ
F:\VS SOURCE\SRC\GAME\CLIENT\DEBUG_SDK\C_TE_BEAMLASER.OBJ
F:\VS SOURCE\SRC\GAME\CLIENT\DEBUG_SDK\C_TE_BEAMPOINTS.OBJ
F:\VS SOURCE\SRC\GAME\CLIENT\DEBUG_SDK\C_TE_BEAMRING.OBJ
F:\VS SOURCE\SRC\GAME\CLIENT\DEBUG_SDK\C_TE_BEAMRINGPOINT.OBJ
F:\VS SOURCE\SRC\GAME\CLIENT\DEBUG_SDK\C_TE_BEAMSPLINE.OBJ
F:\VS SOURCE\SRC\GAME\CLIENT\DEBUG_SDK\C_TE_BLOODSPRITE.OBJ
F:\VS SOURCE\SRC\GAME\CLIENT\DEBUG_SDK\C_TE_BLOODSTREAM.OBJ
F:\VS SOURCE\SRC\GAME\CLIENT\DEBUG_SDK\C_TE_BREAKMODEL.OBJ
F:\VS SOURCE\SRC\GAME\CLIENT\DEBUG_SDK\C_TE_BSPDECAL.OBJ
F:\VS SOURCE\SRC\GAME\CLIENT\DEBUG_SDK\C_TE_BUBBLES.OBJ
F:\VS SOURCE\SRC\GAME\CLIENT\DEBUG_SDK\C_TE_BUBBLETRAIL.OBJ
F:\VS SOURCE\SRC\GAME\CLIENT\DEBUG_SDK\C_TE_CLIENTPROJECTILE.OBJ
F:\VS SOURCE\SRC\GAME\CLIENT\DEBUG_SDK\C_TE_DECAL.OBJ
F:\VS SOURCE\SRC\GAME\CLIENT\DEBUG_SDK\C_TE_DYNAMICLIGHT.OBJ
F:\VS SOURCE\SRC\GAME\CLIENT\DEBUG_SDK\C_TE_EFFECT_DISPATCH.OBJ
F:\VS SOURCE\SRC\GAME\CLIENT\DEBUG_SDK\C_TE_ENERGYSPLASH.OBJ
F:\VS SOURCE\SRC\GAME\CLIENT\DEBUG_SDK\C_TE_EXPLOSION.OBJ
F:\VS SOURCE\SRC\GAME\CLIENT\DEBUG_SDK\C_TE_FIREBULLETS.OBJ
F:\VS SOURCE\SRC\GAME\CLIENT\DEBUG_SDK\C_TE_FIZZ.OBJ
F:\VS SOURCE\SRC\GAME\CLIENT\DEBUG_SDK\C_TE_FOOTPRINT.OBJ
F:\VS SOURCE\SRC\GAME\CLIENT\DEBUG_SDK\C_TE_GLASSSHATTER.OBJ
F:\VS SOURCE\SRC\GAME\CLIENT\DEBUG_SDK\C_TE_GLOWSPRITE.OBJ
F:\VS SOURCE\SRC\GAME\CLIENT\DEBUG_SDK\C_TE_IMPACT.OBJ
F:\VS SOURCE\SRC\GAME\CLIENT\DEBUG_SDK\C_TE_KILLPLAYERATTACHMENTS.OBJ
F:\VS SOURCE\SRC\GAME\CLIENT\DEBUG_SDK\C_TE_LARGEFUNNEL.OBJ
F:\VS SOURCE\SRC\GAME\CLIENT\DEBUG_SDK\C_TE_LEGACYTEMPENTS.OBJ
F:\VS SOURCE\SRC\GAME\CLIENT\DEBUG_SDK\C_TE_MUZZLEFLASH.OBJ
F:\VS SOURCE\SRC\GAME\CLIENT\DEBUG_SDK\C_TE_PARTICLESYSTEM.OBJ
F:\VS SOURCE\SRC\GAME\CLIENT\DEBUG_SDK\C_TE_PHYSICSPROP.OBJ
F:\VS SOURCE\SRC\GAME\CLIENT\DEBUG_SDK\C_TE_PLAYERDECAL.OBJ
F:\VS SOURCE\SRC\GAME\CLIENT\DEBUG_SDK\C_TE_PROJECTEDDECAL.OBJ
F:\VS SOURCE\SRC\GAME\CLIENT\DEBUG_SDK\C_TE_SHOWLINE.OBJ
F:\VS SOURCE\SRC\GAME\CLIENT\DEBUG_SDK\C_TE_SMOKE.OBJ
F:\VS SOURCE\SRC\GAME\CLIENT\DEBUG_SDK\C_TE_SPARKS.OBJ
F:\VS SOURCE\SRC\GAME\CLIENT\DEBUG_SDK\C_TE_SPRITE.OBJ
F:\VS SOURCE\SRC\GAME\CLIENT\DEBUG_SDK\C_TE_SPRITESPRAY.OBJ
F:\VS SOURCE\SRC\GAME\CLIENT\DEBUG_SDK\C_TE_WORLDDECAL.OBJ
F:\VS SOURCE\SRC\GAME\CLIENT\DEBUG_SDK\C_TEAM.OBJ
F:\VS SOURCE\SRC\GAME\CLIENT\DEBUG_SDK\C_TEAM_OBJECTIVERESOURCE.OBJ
F:\VS SOURCE\SRC\GAME\CLIENT\DEBUG_SDK\C_TESLA.OBJ
F:\VS SOURCE\SRC\GAME\CLIENT\DEBUG_SDK\C_TEST_PROXYTOGGLE.OBJ
F:\VS SOURCE\SRC\GAME\CLIENT\DEBUG_SDK\C_TESTTRACELINE.OBJ
F:\VS SOURCE\SRC\GAME\CLIENT\DEBUG_SDK\C_TRACER.OBJ
F:\VS SOURCE\SRC\GAME\CLIENT\DEBUG_SDK\C_USER_MESSAGE_REGISTER.OBJ
F:\VS SOURCE\SRC\GAME\CLIENT\DEBUG_SDK\C_VEHICLE_CHOREO_GENERIC.OBJ
F:\VS SOURCE\SRC\GAME\CLIENT\DEBUG_SDK\C_VEHICLE_JEEP.OBJ
F:\VS SOURCE\SRC\GAME\CLIENT\DEBUG_SDK\C_VGUISCREEN.OBJ
F:\VS SOURCE\SRC\GAME\CLIENT\DEBUG_SDK\C_WATERBULLET.OBJ
F:\VS SOURCE\SRC\GAME\CLIENT\DEBUG_SDK\C_WATERLODCONTROL.OBJ
F:\VS SOURCE\SRC\GAME\CLIENT\DEBUG_SDK\C_WORLD.OBJ
F:\VS SOURCE\SRC\GAME\CLIENT\DEBUG_SDK\CAMOMATERIALPROXY.OBJ
F:\VS SOURCE\SRC\GAME\CLIENT\DEBUG_SDK\CDLL_BOUNDED_CVARS.OBJ
F:\VS SOURCE\SRC\GAME\CLIENT\DEBUG_SDK\CDLL_CLIENT_INT.OBJ
F:\VS SOURCE\SRC\GAME\CLIENT\DEBUG_SDK\CDLL_UTIL.OBJ
F:\VS Source\src\game\client\Debug_sdk\cl.command.1.tlog
F:\VS Source\src\game\client\Debug_sdk\CL.read.1.tlog
F:\VS Source\src\game\client\Debug_sdk\CL.write.1.tlog
F:\VS SOURCE\SRC\GAME\CLIENT\DEBUG_SDK\CL_MAT_STUB.OBJ
F:\VS SOURCE\SRC\GAME\CLIENT\DEBUG_SDK\CLASSMAP.OBJ
F:\VS SOURCE\SRC\GAME\CLIENT\DEBUG_SDK\CLASSMENU.OBJ
F:\VS Source\src\game\client\Debug_sdk\Client SDK.write.1.tlog
F:\VS SOURCE\SRC\GAME\CLIENT\DEBUG_SDK\CLIENT.DLL
F:\VS Source\src\game\client\Debug_sdk\Client.exp
F:\VS SOURCE\SRC\GAME\CLIENT\DEBUG_SDK\CLIENT.ILK
F:\VS Source\src\game\client\Debug_sdk\client.lib
F:\VS SOURCE\SRC\GAME\CLIENT\DEBUG_SDK\CLIENT.MAP
F:\VS SOURCE\SRC\GAME\CLIENT\DEBUG_SDK\CLIENT.PCH
F:\VS SOURCE\SRC\GAME\CLIENT\DEBUG_SDK\CLIENT.PDB
F:\VS SOURCE\SRC\GAME\CLIENT\DEBUG_SDK\CLIENT_CLASS.OBJ
F:\VS SOURCE\SRC\GAME\CLIENT\DEBUG_SDK\CLIENT_FACTORYLIST.OBJ
F:\VS SOURCE\SRC\GAME\CLIENT\DEBUG_SDK\CLIENT_THINKLIST.OBJ
F:\VS SOURCE\SRC\GAME\CLIENT\DEBUG_SDK\CLIENTEFFECTPRECACHESYSTEM.OBJ
F:\VS SOURCE\SRC\GAME\CLIENT\DEBUG_SDK\CLIENTENTITYLIST.OBJ
F:\VS SOURCE\SRC\GAME\CLIENT\DEBUG_SDK\CLIENTLEAFSYSTEM.OBJ
F:\VS SOURCE\SRC\GAME\CLIENT\DEBUG_SDK\CLIENTMODE_SDK.OBJ
F:\VS SOURCE\SRC\GAME\CLIENT\DEBUG_SDK\CLIENTMODE_SHARED.OBJ
F:\VS SOURCE\SRC\GAME\CLIENT\DEBUG_SDK\CLIENTSCOREBOARDDIALOG.OBJ
F:\VS SOURCE\SRC\GAME\CLIENT\DEBUG_SDK\CLIENTSHADOWMGR.OBJ
F:\VS SOURCE\SRC\GAME\CLIENT\DEBUG_SDK\CLIENTSIDEEFFECTS.OBJ
F:\VS SOURCE\SRC\GAME\CLIENT\DEBUG_SDK\CLIENTSIDEEFFECTS_TEST.OBJ
F:\VS SOURCE\SRC\GAME\CLIENT\DEBUG_SDK\COLLISIONPROPERTY.OBJ
F:\VS SOURCE\SRC\GAME\CLIENT\DEBUG_SDK\COLLISIONUTILS.OBJ
F:\VS SOURCE\SRC\GAME\CLIENT\DEBUG_SDK\COLORCORRECTIONMGR.OBJ
F:\VS SOURCE\SRC\GAME\CLIENT\DEBUG_SDK\COMMANDMENU.OBJ
F:\VS SOURCE\SRC\GAME\CLIENT\DEBUG_SDK\COMMENTARY_MODELVIEWER.OBJ
F:\VS SOURCE\SRC\GAME\CLIENT\DEBUG_SDK\COMPILEDCAPTIONSWAP.OBJ
F:\VS SOURCE\SRC\GAME\CLIENT\DEBUG_SDK\CRTMEMDEBUG.OBJ
F:\VS SOURCE\SRC\GAME\CLIENT\DEBUG_SDK\DEATH_POSE.OBJ
F:\VS SOURCE\SRC\GAME\CLIENT\DEBUG_SDK\DEBUGOVERLAY_SHARED.OBJ
F:\VS SOURCE\SRC\GAME\CLIENT\DEBUG_SDK\DECALS.OBJ
F:\VS SOURCE\SRC\GAME\CLIENT\DEBUG_SDK\DETAILOBJECTSYSTEM.OBJ
F:\VS SOURCE\SRC\GAME\CLIENT\DEBUG_SDK\DT_RECV.OBJ
F:\VS SOURCE\SRC\GAME\CLIENT\DEBUG_SDK\DT_UTLVECTOR_COMMON.OBJ
F:\VS SOURCE\SRC\GAME\CLIENT\DEBUG_SDK\DT_UTLVECTOR_RECV.OBJ
F:\VS SOURCE\SRC\GAME\CLIENT\DEBUG_SDK\DUMMYPROXY.OBJ
F:\VS SOURCE\SRC\GAME\CLIENT\DEBUG_SDK\EFFECT_DISPATCH_DATA.OBJ
F:\VS SOURCE\SRC\GAME\CLIENT\DEBUG_SDK\EFFECTSCLIENT.OBJ
F:\VS SOURCE\SRC\GAME\CLIENT\DEBUG_SDK\EHANDLE.OBJ
F:\VS SOURCE\SRC\GAME\CLIENT\DEBUG_SDK\ENTITY_CLIENT_TOOLS.OBJ
F:\VS SOURCE\SRC\GAME\CLIENT\DEBUG_SDK\ENTITYLIST_BASE.OBJ
F:\VS SOURCE\SRC\GAME\CLIENT\DEBUG_SDK\ENTITYORIGINMATERIALPROXY.OBJ
F:\VS SOURCE\SRC\GAME\CLIENT\DEBUG_SDK\ENTITYPARTICLETRAIL_SHARED.OBJ
F:\VS SOURCE\SRC\GAME\CLIENT\DEBUG_SDK\ENV_DETAIL_CONTROLLER.OBJ
F:\VS SOURCE\SRC\GAME\CLIENT\DEBUG_SDK\ENV_WIND_SHARED.OBJ
F:\VS SOURCE\SRC\GAME\CLIENT\DEBUG_SDK\EVENTLIST.OBJ
F:\VS SOURCE\SRC\GAME\CLIENT\DEBUG_SDK\FILESYSTEM_HELPERS.OBJ
F:\VS SOURCE\SRC\GAME\CLIENT\DEBUG_SDK\FLASHLIGHTEFFECT.OBJ
F:\VS SOURCE\SRC\GAME\CLIENT\DEBUG_SDK\FUNC_LADDER.OBJ
F:\VS SOURCE\SRC\GAME\CLIENT\DEBUG_SDK\FUNCTIONPROXY.OBJ
F:\VS SOURCE\SRC\GAME\CLIENT\DEBUG_SDK\FX.OBJ
F:\VS SOURCE\SRC\GAME\CLIENT\DEBUG_SDK\FX_BLOOD.OBJ
F:\VS SOURCE\SRC\GAME\CLIENT\DEBUG_SDK\FX_CUBE.OBJ
F:\VS SOURCE\SRC\GAME\CLIENT\DEBUG_SDK\FX_DISCREETLINE.OBJ
F:\VS SOURCE\SRC\GAME\CLIENT\DEBUG_SDK\FX_ENVELOPE.OBJ
F:\VS SOURCE\SRC\GAME\CLIENT\DEBUG_SDK\FX_EXPLOSION.OBJ
F:\VS SOURCE\SRC\GAME\CLIENT\DEBUG_SDK\FX_FLECK.OBJ
F:\VS SOURCE\SRC\GAME\CLIENT\DEBUG_SDK\FX_IMPACT.OBJ
F:\VS SOURCE\SRC\GAME\CLIENT\DEBUG_SDK\FX_INTERPVALUE.OBJ
F:\VS SOURCE\SRC\GAME\CLIENT\DEBUG_SDK\FX_LINE.OBJ
F:\VS SOURCE\SRC\GAME\CLIENT\DEBUG_SDK\FX_QUAD.OBJ
F:\VS SOURCE\SRC\GAME\CLIENT\DEBUG_SDK\FX_SHELLEJECT.OBJ
F:\VS SOURCE\SRC\GAME\CLIENT\DEBUG_SDK\FX_SPARKS.OBJ
F:\VS SOURCE\SRC\GAME\CLIENT\DEBUG_SDK\FX_STATICLINE.OBJ
F:\VS SOURCE\SRC\GAME\CLIENT\DEBUG_SDK\FX_TRACER.OBJ
F:\VS SOURCE\SRC\GAME\CLIENT\DEBUG_SDK\FX_TRAIL.OBJ
F:\VS SOURCE\SRC\GAME\CLIENT\DEBUG_SDK\FX_WATER.OBJ
F:\VS SOURCE\SRC\GAME\CLIENT\DEBUG_SDK\GAMEMOVEMENT.OBJ
F:\VS SOURCE\SRC\GAME\CLIENT\DEBUG_SDK\GAMERULES.OBJ
F:\VS SOURCE\SRC\GAME\CLIENT\DEBUG_SDK\GAMERULES_REGISTER.OBJ
F:\VS SOURCE\SRC\GAME\CLIENT\DEBUG_SDK\GAMESTATS.OBJ
F:\VS SOURCE\SRC\GAME\CLIENT\DEBUG_SDK\GAMESTRINGPOOL.OBJ
F:\VS SOURCE\SRC\GAME\CLIENT\DEBUG_SDK\GAMETRACE_CLIENT.OBJ
F:\VS SOURCE\SRC\GAME\CLIENT\DEBUG_SDK\GAMEVARS_SHARED.OBJ
F:\VS SOURCE\SRC\GAME\CLIENT\DEBUG_SDK\GEIGER.OBJ
F:\VS SOURCE\SRC\GAME\CLIENT\DEBUG_SDK\GLOW_OVERLAY.OBJ
F:\VS SOURCE\SRC\GAME\CLIENT\DEBUG_SDK\HINTMESSAGE.OBJ
F:\VS SOURCE\SRC\GAME\CLIENT\DEBUG_SDK\HINTSYSTEM.OBJ
F:\VS SOURCE\SRC\GAME\CLIENT\DEBUG_SDK\HISTORY_RESOURCE.OBJ
F:\VS SOURCE\SRC\GAME\CLIENT\DEBUG_SDK\HLTVCAMERA.OBJ
F:\VS SOURCE\SRC\GAME\CLIENT\DEBUG_SDK\HUD.OBJ
F:\VS SOURCE\SRC\GAME\CLIENT\DEBUG_SDK\HUD_ANIMATIONINFO.OBJ
F:\VS SOURCE\SRC\GAME\CLIENT\DEBUG_SDK\HUD_BASECHAT.OBJ
F:\VS SOURCE\SRC\GAME\CLIENT\DEBUG_SDK\HUD_BASEDEATHNOTICE.OBJ
F:\VS SOURCE\SRC\GAME\CLIENT\DEBUG_SDK\HUD_BASETIMER.OBJ
F:\VS SOURCE\SRC\GAME\CLIENT\DEBUG_SDK\HUD_BITMAPNUMERICDISPLAY.OBJ
F:\VS SOURCE\SRC\GAME\CLIENT\DEBUG_SDK\HUD_CLOSECAPTION.OBJ
F:\VS SOURCE\SRC\GAME\CLIENT\DEBUG_SDK\HUD_CROSSHAIR.OBJ
F:\VS SOURCE\SRC\GAME\CLIENT\DEBUG_SDK\HUD_ELEMENT_HELPER.OBJ
F:\VS SOURCE\SRC\GAME\CLIENT\DEBUG_SDK\HUD_HINTDISPLAY.OBJ
F:\VS SOURCE\SRC\GAME\CLIENT\DEBUG_SDK\HUD_LCD.OBJ
F:\VS SOURCE\SRC\GAME\CLIENT\DEBUG_SDK\HUD_MSG.OBJ
F:\VS SOURCE\SRC\GAME\CLIENT\DEBUG_SDK\HUD_NUMERICDISPLAY.OBJ
F:\VS SOURCE\SRC\GAME\CLIENT\DEBUG_SDK\HUD_PDUMP.OBJ
F:\VS SOURCE\SRC\GAME\CLIENT\DEBUG_SDK\HUD_REDRAW.OBJ
F:\VS SOURCE\SRC\GAME\CLIENT\DEBUG_SDK\HUD_SDKDEATHNOTICE.OBJ
F:\VS SOURCE\SRC\GAME\CLIENT\DEBUG_SDK\HUD_VEHICLE.OBJ
F:\VS SOURCE\SRC\GAME\CLIENT\DEBUG_SDK\HUD_VOICESTATUS.OBJ
F:\VS SOURCE\SRC\GAME\CLIENT\DEBUG_SDK\HUD_WEAPON.OBJ
F:\VS SOURCE\SRC\GAME\CLIENT\DEBUG_SDK\ICONPANEL.OBJ
F:\VS SOURCE\SRC\GAME\CLIENT\DEBUG_SDK\IGAMESYSTEM.OBJ
F:\VS SOURCE\SRC\GAME\CLIENT\DEBUG_SDK\IN_CAMERA.OBJ
F:\VS SOURCE\SRC\GAME\CLIENT\DEBUG_SDK\IN_JOYSTICK.OBJ
F:\VS SOURCE\SRC\GAME\CLIENT\DEBUG_SDK\IN_MAIN.OBJ
F:\VS SOURCE\SRC\GAME\CLIENT\DEBUG_SDK\IN_MOUSE.OBJ
F:\VS SOURCE\SRC\GAME\CLIENT\DEBUG_SDK\INITIALIZER.OBJ
F:\VS SOURCE\SRC\GAME\CLIENT\DEBUG_SDK\INTERPOLATEDVAR.OBJ
F:\VS SOURCE\SRC\GAME\CLIENT\DEBUG_SDK\INTERPOLATORTYPES.OBJ
F:\VS SOURCE\SRC\GAME\CLIENT\DEBUG_SDK\INTERVAL.OBJ
F:\VS SOURCE\SRC\GAME\CLIENT\DEBUG_SDK\INTROMENU.OBJ
F:\VS SOURCE\SRC\GAME\CLIENT\DEBUG_SDK\ISNPCPROXY.OBJ
F:\VS SOURCE\SRC\GAME\CLIENT\DEBUG_SDK\JIGGLEBONES.OBJ
F:\VS SOURCE\SRC\GAME\CLIENT\DEBUG_SDK\LAMPBEAMPROXY.OBJ
F:\VS SOURCE\SRC\GAME\CLIENT\DEBUG_SDK\LAMPHALOPROXY.OBJ
F:\VS Source\src\game\client\Debug_sdk\link.command.1.tlog
F:\VS Source\src\game\client\Debug_sdk\link.read.1.tlog
F:\VS Source\src\game\client\Debug_sdk\link.write.1.tlog
F:\VS SOURCE\SRC\GAME\CLIENT\DEBUG_SDK\MAPENTITIES_SHARED.OBJ
F:\VS SOURCE\SRC\GAME\CLIENT\DEBUG_SDK\MAPOVERVIEW.OBJ
F:\VS SOURCE\SRC\GAME\CLIENT\DEBUG_SDK\MATHPROXY.OBJ
F:\VS SOURCE\SRC\GAME\CLIENT\DEBUG_SDK\MATRIXPROXY.OBJ
F:\VS SOURCE\SRC\GAME\CLIENT\DEBUG_SDK\MEMOVERRIDE.OBJ
F:\VS SOURCE\SRC\GAME\CLIENT\DEBUG_SDK\MENU.OBJ
F:\VS SOURCE\SRC\GAME\CLIENT\DEBUG_SDK\MESSAGE.OBJ
F:\VS SOURCE\SRC\GAME\CLIENT\DEBUG_SDK\MOVEHELPER_CLIENT.OBJ
F:\VS SOURCE\SRC\GAME\CLIENT\DEBUG_SDK\MOVEVARS_SHARED.OBJ
F:\VS SOURCE\SRC\GAME\CLIENT\DEBUG_SDK\MP_SHAREDDEFS.OBJ
F:\VS SOURCE\SRC\GAME\CLIENT\DEBUG_SDK\MP3PLAYER.OBJ
F:\VS SOURCE\SRC\GAME\CLIENT\DEBUG_SDK\MULTIPLAY_GAMERULES.OBJ
F:\VS SOURCE\SRC\GAME\CLIENT\DEBUG_SDK\MULTIPLAYER_ANIMSTATE.OBJ
F:\VS SOURCE\SRC\GAME\CLIENT\DEBUG_SDK\NAVPROGRESS.OBJ
F:\VS SOURCE\SRC\GAME\CLIENT\DEBUG_SDK\NETWORKVAR.OBJ
F:\VS SOURCE\SRC\GAME\CLIENT\DEBUG_SDK\OBSTACLE_PUSHAWAY.OBJ
F:\VS SOURCE\SRC\GAME\CLIENT\DEBUG_SDK\PANELMETACLASSMGR.OBJ
F:\VS SOURCE\SRC\GAME\CLIENT\DEBUG_SDK\PARTICLE_COLLISION.OBJ
F:\VS SOURCE\SRC\GAME\CLIENT\DEBUG_SDK\PARTICLE_LITSMOKEEMITTER.OBJ
F:\VS SOURCE\SRC\GAME\CLIENT\DEBUG_SDK\PARTICLE_PARSE.OBJ
F:\VS SOURCE\SRC\GAME\CLIENT\DEBUG_SDK\PARTICLE_PROPERTY.OBJ
F:\VS SOURCE\SRC\GAME\CLIENT\DEBUG_SDK\PARTICLE_PROXIES.OBJ
F:\VS SOURCE\SRC\GAME\CLIENT\DEBUG_SDK\PARTICLE_SIMPLE3D.OBJ
F:\VS SOURCE\SRC\GAME\CLIENT\DEBUG_SDK\PARTICLEMGR.OBJ
F:\VS SOURCE\SRC\GAME\CLIENT\DEBUG_SDK\PARTICLES_ATTRACTOR.OBJ
F:\VS SOURCE\SRC\GAME\CLIENT\DEBUG_SDK\PARTICLES_EZ.OBJ
F:\VS SOURCE\SRC\GAME\CLIENT\DEBUG_SDK\PARTICLES_LOCALSPACE.OBJ
F:\VS SOURCE\SRC\GAME\CLIENT\DEBUG_SDK\PARTICLES_NEW.OBJ
F:\VS SOURCE\SRC\GAME\CLIENT\DEBUG_SDK\PARTICLES_SIMPLE.OBJ
F:\VS SOURCE\SRC\GAME\CLIENT\DEBUG_SDK\PARTICLESPHERERENDERER.OBJ
F:\VS SOURCE\SRC\GAME\CLIENT\DEBUG_SDK\PARTICLESYSTEMQUERY.OBJ
F:\VS SOURCE\SRC\GAME\CLIENT\DEBUG_SDK\PERFVISUALBENCHMARK.OBJ
F:\VS SOURCE\SRC\GAME\CLIENT\DEBUG_SDK\PHYSICS.OBJ
F:\VS SOURCE\SRC\GAME\CLIENT\DEBUG_SDK\PHYSICS_MAIN_CLIENT.OBJ
F:\VS SOURCE\SRC\GAME\CLIENT\DEBUG_SDK\PHYSICS_MAIN_SHARED.OBJ
F:\VS SOURCE\SRC\GAME\CLIENT\DEBUG_SDK\PHYSICS_SAVERESTORE.OBJ
F:\VS SOURCE\SRC\GAME\CLIENT\DEBUG_SDK\PHYSICS_SHARED.OBJ
F:\VS SOURCE\SRC\GAME\CLIENT\DEBUG_SDK\PHYSPROPCLIENTSIDE.OBJ
F:\VS SOURCE\SRC\GAME\CLIENT\DEBUG_SDK\PLAYERANDOBJECTENUMERATOR.OBJ
F:\VS SOURCE\SRC\GAME\CLIENT\DEBUG_SDK\PLAYERCLASS_INFO_PARSE.OBJ
F:\VS SOURCE\SRC\GAME\CLIENT\DEBUG_SDK\POINT_BONUSMAPS_ACCESSOR.OBJ
F:\VS SOURCE\SRC\GAME\CLIENT\DEBUG_SDK\POINT_POSECONTROLLER.OBJ
F:\VS SOURCE\SRC\GAME\CLIENT\DEBUG_SDK\POSEDEBUGGER.OBJ
F:\VS SOURCE\SRC\GAME\CLIENT\DEBUG_SDK\PRECACHE_REGISTER.OBJ
F:\VS SOURCE\SRC\GAME\CLIENT\DEBUG_SDK\PREDICTABLEID.OBJ
F:\VS SOURCE\SRC\GAME\CLIENT\DEBUG_SDK\PREDICTED_VIEWMODEL.OBJ
F:\VS SOURCE\SRC\GAME\CLIENT\DEBUG_SDK\PREDICTION.OBJ
F:\VS SOURCE\SRC\GAME\CLIENT\DEBUG_SDK\PREDICTIONCOPY.OBJ
F:\VS SOURCE\SRC\GAME\CLIENT\DEBUG_SDK\PROPS_SHARED.OBJ
F:\VS SOURCE\SRC\GAME\CLIENT\DEBUG_SDK\PROXYENTITY.OBJ
F:\VS SOURCE\SRC\GAME\CLIENT\DEBUG_SDK\PROXYHEALTH.OBJ
F:\VS SOURCE\SRC\GAME\CLIENT\DEBUG_SDK\PROXYPLAYER.OBJ
F:\VS SOURCE\SRC\GAME\CLIENT\DEBUG_SDK\PROXYPUPIL.OBJ
F:\VS SOURCE\SRC\GAME\CLIENT\DEBUG_SDK\RAGDOLL.OBJ
F:\VS SOURCE\SRC\GAME\CLIENT\DEBUG_SDK\RAGDOLL_SHARED.OBJ
F:\VS SOURCE\SRC\GAME\CLIENT\DEBUG_SDK\RANDOVERRIDE.OBJ
F:\VS SOURCE\SRC\GAME\CLIENT\DEBUG_SDK\RECVPROXY.OBJ
F:\VS SOURCE\SRC\GAME\CLIENT\DEBUG_SDK\RENDERTEXTURE.OBJ
F:\VS SOURCE\SRC\GAME\CLIENT\DEBUG_SDK\ROPE_HELPERS.OBJ
F:\VS SOURCE\SRC\GAME\CLIENT\DEBUG_SDK\ROPE_PHYSICS.OBJ
F:\VS SOURCE\SRC\GAME\CLIENT\DEBUG_SDK\SAVERESTORE.OBJ
F:\VS SOURCE\SRC\GAME\CLIENT\DEBUG_SDK\SCENEENTITY_SHARED.OBJ
F:\VS SOURCE\SRC\GAME\CLIENT\DEBUG_SDK\SCRATCHPAD3D.OBJ
F:\VS SOURCE\SRC\GAME\CLIENT\DEBUG_SDK\SCRATCHPADUTILS.OBJ
F:\VS SOURCE\SRC\GAME\CLIENT\DEBUG_SDK\SCREENSPACEEFFECTS.OBJ
F:\VS SOURCE\SRC\GAME\CLIENT\DEBUG_SDK\SDK_BACKGROUNDPANEL.OBJ
F:\VS SOURCE\SRC\GAME\CLIENT\DEBUG_SDK\SDK_BASEGRENADE_PROJECTILE.OBJ
F:\VS SOURCE\SRC\GAME\CLIENT\DEBUG_SDK\SDK_CLASSMENU.OBJ
F:\VS SOURCE\SRC\GAME\CLIENT\DEBUG_SDK\SDK_FX_IMPACTS.OBJ
F:\VS SOURCE\SRC\GAME\CLIENT\DEBUG_SDK\SDK_FX_SHARED.OBJ
F:\VS SOURCE\SRC\GAME\CLIENT\DEBUG_SDK\SDK_FX_TRACERS.OBJ
F:\VS SOURCE\SRC\GAME\CLIENT\DEBUG_SDK\SDK_FX_WEAPONFX.OBJ
F:\VS SOURCE\SRC\GAME\CLIENT\DEBUG_SDK\SDK_GAMEMOVEMENT.OBJ
F:\VS SOURCE\SRC\GAME\CLIENT\DEBUG_SDK\SDK_GAMERULES.OBJ
F:\VS SOURCE\SRC\GAME\CLIENT\DEBUG_SDK\SDK_HUD_AMMO.OBJ
F:\VS SOURCE\SRC\GAME\CLIENT\DEBUG_SDK\SDK_HUD_ARMOR.OBJ
F:\VS SOURCE\SRC\GAME\CLIENT\DEBUG_SDK\SDK_HUD_CHAT.OBJ
F:\VS SOURCE\SRC\GAME\CLIENT\DEBUG_SDK\SDK_HUD_DAMAGE.OBJ
F:\VS SOURCE\SRC\GAME\CLIENT\DEBUG_SDK\SDK_HUD_HEALTH.OBJ
F:\VS SOURCE\SRC\GAME\CLIENT\DEBUG_SDK\SDK_HUD_MESSAGE.OBJ
F:\VS SOURCE\SRC\GAME\CLIENT\DEBUG_SDK\SDK_HUD_STAMINA.OBJ
F:\VS SOURCE\SRC\GAME\CLIENT\DEBUG_SDK\SDK_HUD_TARGETID.OBJ
F:\VS SOURCE\SRC\GAME\CLIENT\DEBUG_SDK\SDK_HUD_WEAPONSELECTION.OBJ
F:\VS SOURCE\SRC\GAME\CLIENT\DEBUG_SDK\SDK_IN_MAIN.OBJ
F:\VS SOURCE\SRC\GAME\CLIENT\DEBUG_SDK\SDK_PLAYER_SHARED.OBJ
F:\VS SOURCE\SRC\GAME\CLIENT\DEBUG_SDK\SDK_PLAYERANIMSTATE.OBJ
F:\VS SOURCE\SRC\GAME\CLIENT\DEBUG_SDK\SDK_PLAYERCLASS_INFO_PARSE.OBJ
F:\VS SOURCE\SRC\GAME\CLIENT\DEBUG_SDK\SDK_PREDICTION.OBJ
F:\VS SOURCE\SRC\GAME\CLIENT\DEBUG_SDK\SDK_SCOREBOARD.OBJ
F:\VS SOURCE\SRC\GAME\CLIENT\DEBUG_SDK\SDK_SHAREDDEFS.OBJ
F:\VS SOURCE\SRC\GAME\CLIENT\DEBUG_SDK\SDK_SPECTATORGUI.OBJ
F:\VS SOURCE\SRC\GAME\CLIENT\DEBUG_SDK\SDK_TEAMMENU.OBJ
F:\VS SOURCE\SRC\GAME\CLIENT\DEBUG_SDK\SDK_TEXTWINDOW.OBJ
F:\VS SOURCE\SRC\GAME\CLIENT\DEBUG_SDK\SDK_USERMESSAGES.OBJ
F:\VS SOURCE\SRC\GAME\CLIENT\DEBUG_SDK\SDK_WEAPON_MELEE.OBJ
F:\VS SOURCE\SRC\GAME\CLIENT\DEBUG_SDK\SDK_WEAPON_PARSE.OBJ
F:\VS SOURCE\SRC\GAME\CLIENT\DEBUG_SDK\SDKVIEWPORT.OBJ
F:\VS SOURCE\SRC\GAME\CLIENT\DEBUG_SDK\SENTENCE.OBJ
F:\VS SOURCE\SRC\GAME\CLIENT\DEBUG_SDK\SEQUENCE_TRANSITIONER.OBJ
F:\VS SOURCE\SRC\GAME\CLIENT\DEBUG_SDK\SHEETSIMULATOR.OBJ
F:\VS SOURCE\SRC\GAME\CLIENT\DEBUG_SDK\SIMPLE_KEYS.OBJ
F:\VS SOURCE\SRC\GAME\CLIENT\DEBUG_SDK\SIMPLE_PHYSICS.OBJ
F:\VS SOURCE\SRC\GAME\CLIENT\DEBUG_SDK\SIMTIMER.OBJ
F:\VS SOURCE\SRC\GAME\CLIENT\DEBUG_SDK\SINGLEPLAY_GAMERULES.OBJ
F:\VS SOURCE\SRC\GAME\CLIENT\DEBUG_SDK\SMOKE_FOG_OVERLAY.OBJ
F:\VS SOURCE\SRC\GAME\CLIENT\DEBUG_SDK\SOUNDEMITTERSYSTEM.OBJ
F:\VS SOURCE\SRC\GAME\CLIENT\DEBUG_SDK\SOUNDENVELOPE.OBJ
F:\VS SOURCE\SRC\GAME\CLIENT\DEBUG_SDK\SOUNDPARAMETERSINTERNAL.OBJ
F:\VS SOURCE\SRC\GAME\CLIENT\DEBUG_SDK\SPECTATORGUI.OBJ
F:\VS SOURCE\SRC\GAME\CLIENT\DEBUG_SDK\SPLINEPATCH.OBJ
F:\VS SOURCE\SRC\GAME\CLIENT\DEBUG_SDK\SPRITE.OBJ
F:\VS SOURCE\SRC\GAME\CLIENT\DEBUG_SDK\SPRITEMODEL.OBJ
F:\VS SOURCE\SRC\GAME\CLIENT\DEBUG_SDK\SPRITETRAIL.OBJ
F:\VS SOURCE\SRC\GAME\CLIENT\DEBUG_SDK\STDAFX.OBJ
F:\VS SOURCE\SRC\GAME\CLIENT\DEBUG_SDK\STRINGREGISTRY.OBJ
F:\VS SOURCE\SRC\GAME\CLIENT\DEBUG_SDK\STUDIO.OBJ
F:\VS SOURCE\SRC\GAME\CLIENT\DEBUG_SDK\STUDIO_SHARED.OBJ
F:\VS SOURCE\SRC\GAME\CLIENT\DEBUG_SDK\TAKEDAMAGEINFO.OBJ
F:\VS SOURCE\SRC\GAME\CLIENT\DEBUG_SDK\TEAMMENU.OBJ
F:\VS SOURCE\SRC\GAME\CLIENT\DEBUG_SDK\TEAMPLAY_GAMERULES.OBJ
F:\VS SOURCE\SRC\GAME\CLIENT\DEBUG_SDK\TEAMPLAYROUNDBASED_GAMERULES.OBJ
F:\VS SOURCE\SRC\GAME\CLIENT\DEBUG_SDK\TEST_EHANDLE.OBJ
F:\VS SOURCE\SRC\GAME\CLIENT\DEBUG_SDK\TEXT_MESSAGE.OBJ
F:\VS SOURCE\SRC\GAME\CLIENT\DEBUG_SDK\TEXTURESCROLLMATERIALPROXY.OBJ
F:\VS SOURCE\SRC\GAME\CLIENT\DEBUG_SDK\TIMEMATERIALPROXY.OBJ
F:\VS SOURCE\SRC\GAME\CLIENT\DEBUG_SDK\TOGGLETEXTUREPROXY.OBJ
F:\VS SOURCE\SRC\GAME\CLIENT\DEBUG_SDK\TOOLFRAMEWORK_CLIENT.OBJ
F:\VS SOURCE\SRC\GAME\CLIENT\DEBUG_SDK\TRAIN.OBJ
F:\VS SOURCE\SRC\GAME\CLIENT\DEBUG_SDK\USERCMD.OBJ
F:\VS SOURCE\SRC\GAME\CLIENT\DEBUG_SDK\USERMESSAGES.OBJ
F:\VS SOURCE\SRC\GAME\CLIENT\DEBUG_SDK\UTIL_SHARED.OBJ
F:\VS SOURCE\SRC\GAME\CLIENT\DEBUG_SDK\VALLOCATOR.OBJ
F:\VS Source\src\game\client\Debug_sdk\vc100.idb
F:\VS SOURCE\SRC\GAME\CLIENT\DEBUG_SDK\VC100.PDB
F:\VS SOURCE\SRC\GAME\CLIENT\DEBUG_SDK\VEHICLE_VIEWBLEND_SHARED.OBJ
F:\VS SOURCE\SRC\GAME\CLIENT\DEBUG_SDK\VGUI_AVATARIMAGE.OBJ
F:\VS SOURCE\SRC\GAME\CLIENT\DEBUG_SDK\VGUI_BASEPANEL.OBJ
F:\VS SOURCE\SRC\GAME\CLIENT\DEBUG_SDK\VGUI_BITMAPBUTTON.OBJ
F:\VS SOURCE\SRC\GAME\CLIENT\DEBUG_SDK\VGUI_BITMAPIMAGE.OBJ
F:\VS SOURCE\SRC\GAME\CLIENT\DEBUG_SDK\VGUI_BITMAPPANEL.OBJ
F:\VS SOURCE\SRC\GAME\CLIENT\DEBUG_SDK\VGUI_CENTERSTRINGPANEL.OBJ
F:\VS SOURCE\SRC\GAME\CLIENT\DEBUG_SDK\VGUI_CONSOLEPANEL.OBJ
F:\VS SOURCE\SRC\GAME\CLIENT\DEBUG_SDK\VGUI_CONTROLS.OBJ
F:\VS SOURCE\SRC\GAME\CLIENT\DEBUG_SDK\VGUI_DEBUGOVERLAYPANEL.OBJ
F:\VS SOURCE\SRC\GAME\CLIENT\DEBUG_SDK\VGUI_FPSPANEL.OBJ
F:\VS SOURCE\SRC\GAME\CLIENT\DEBUG_SDK\VGUI_GAME_VIEWPORT.OBJ
F:\VS SOURCE\SRC\GAME\CLIENT\DEBUG_SDK\VGUI_GRID.OBJ
F:\VS SOURCE\SRC\GAME\CLIENT\DEBUG_SDK\VGUI_INT.OBJ
F:\VS SOURCE\SRC\GAME\CLIENT\DEBUG_SDK\VGUI_LOADINGDISCPANEL.OBJ
F:\VS SOURCE\SRC\GAME\CLIENT\DEBUG_SDK\VGUI_MESSAGECHARS.OBJ
F:\VS SOURCE\SRC\GAME\CLIENT\DEBUG_SDK\VGUI_NETGRAPHPANEL.OBJ
F:\VS SOURCE\SRC\GAME\CLIENT\DEBUG_SDK\VGUI_ROOTPANEL_SDK.OBJ
F:\VS SOURCE\SRC\GAME\CLIENT\DEBUG_SDK\VGUI_SLIDESHOW_DISPLAY_SCREEN.OBJ
F:\VS SOURCE\SRC\GAME\CLIENT\DEBUG_SDK\VGUITEXTWINDOW.OBJ
F:\VS SOURCE\SRC\GAME\CLIENT\DEBUG_SDK\VIEW.OBJ
F:\VS SOURCE\SRC\GAME\CLIENT\DEBUG_SDK\VIEW_BEAMS.OBJ
F:\VS SOURCE\SRC\GAME\CLIENT\DEBUG_SDK\VIEW_EFFECTS.OBJ
F:\VS SOURCE\SRC\GAME\CLIENT\DEBUG_SDK\VIEW_SCENE.OBJ
F:\VS SOURCE\SRC\GAME\CLIENT\DEBUG_SDK\VIEWANGLEANIM.OBJ
F:\VS SOURCE\SRC\GAME\CLIENT\DEBUG_SDK\VIEWCONEIMAGE.OBJ
F:\VS SOURCE\SRC\GAME\CLIENT\DEBUG_SDK\VIEWDEBUG.OBJ
F:\VS SOURCE\SRC\GAME\CLIENT\DEBUG_SDK\VIEWPOSTPROCESS.OBJ
F:\VS SOURCE\SRC\GAME\CLIENT\DEBUG_SDK\VIEWRENDER.OBJ
F:\VS SOURCE\SRC\GAME\CLIENT\DEBUG_SDK\VOICE_BANMGR.OBJ
F:\VS SOURCE\SRC\GAME\CLIENT\DEBUG_SDK\VOICE_STATUS.OBJ
F:\VS SOURCE\SRC\GAME\CLIENT\DEBUG_SDK\WARP_OVERLAY.OBJ
F:\VS SOURCE\SRC\GAME\CLIENT\DEBUG_SDK\WATERLODMATERIALPROXY.OBJ
F:\VS SOURCE\SRC\GAME\CLIENT\DEBUG_SDK\WEAPON_BASESDKGRENADE.OBJ
F:\VS SOURCE\SRC\GAME\CLIENT\DEBUG_SDK\WEAPON_CROWBAR.OBJ
F:\VS SOURCE\SRC\GAME\CLIENT\DEBUG_SDK\WEAPON_GRENADE.OBJ
F:\VS SOURCE\SRC\GAME\CLIENT\DEBUG_SDK\WEAPON_MP5.OBJ
F:\VS SOURCE\SRC\GAME\CLIENT\DEBUG_SDK\WEAPON_PARSE.OBJ
F:\VS SOURCE\SRC\GAME\CLIENT\DEBUG_SDK\WEAPON_PISTOL.OBJ
F:\VS SOURCE\SRC\GAME\CLIENT\DEBUG_SDK\WEAPON_SDKBASE.OBJ
F:\VS SOURCE\SRC\GAME\CLIENT\DEBUG_SDK\WEAPON_SELECTION.OBJ
F:\VS SOURCE\SRC\GAME\CLIENT\DEBUG_SDK\WEAPON_SHOTGUN.OBJ
F:\VS SOURCE\SRC\GAME\CLIENT\DEBUG_SDK\WEAPONS_RESOURCE.OBJ
F:\VS SOURCE\SRC\GAME\CLIENT\DEBUG_SDK\WORLDDIMSPROXY.OBJ
